{"/home/travis/build/npmtest/node-npmtest-accounting/test.js":{"path":"/home/travis/build/npmtest/node-npmtest-accounting/test.js","s":{"1":2,"2":2,"3":2,"4":2,"5":2,"6":2,"7":2,"8":1,"9":2,"10":2,"11":1,"12":1,"13":1,"14":1,"15":2,"16":2,"17":2,"18":2,"19":1,"20":1,"21":2,"22":2,"23":2,"24":1,"25":1,"26":1,"27":1,"28":1,"29":1,"30":1,"31":1,"32":1,"33":1,"34":1,"35":1,"36":1,"37":1,"38":1,"39":2,"40":2,"41":1,"42":2,"43":2,"44":1,"45":2,"46":2,"47":1,"48":2,"49":2,"50":1,"51":1,"52":1,"53":1,"54":1},"b":{"1":[2,1,1,1],"2":[1,1,1,1],"3":[1,1],"4":[1,1],"5":[1,1],"6":[1,1],"7":[1,1],"8":[1,1],"9":[1,1],"10":[1,1,1],"11":[1,1],"12":[1,1],"13":[1,1],"14":[1,1],"15":[1,1],"16":[1,1],"17":[1,1]},"f":{"1":2,"2":2,"3":2,"4":2,"5":2,"6":1,"7":1,"8":1,"9":2,"10":2,"11":2,"12":2,"13":1},"fnMap":{"1":{"name":"(anonymous_1)","line":12,"loc":{"start":{"line":12,"column":1},"end":{"line":12,"column":13}}},"2":{"name":"(anonymous_2)","line":19,"loc":{"start":{"line":19,"column":5},"end":{"line":19,"column":17}}},"3":{"name":"(anonymous_3)","line":23,"loc":{"start":{"line":23,"column":24},"end":{"line":23,"column":36}}},"4":{"name":"(anonymous_4)","line":61,"loc":{"start":{"line":61,"column":5},"end":{"line":61,"column":17}}},"5":{"name":"(anonymous_5)","line":82,"loc":{"start":{"line":82,"column":5},"end":{"line":82,"column":17}}},"6":{"name":"(anonymous_6)","line":91,"loc":{"start":{"line":91,"column":77},"end":{"line":94,"column":10}}},"7":{"name":"(anonymous_7)","line":112,"loc":{"start":{"line":112,"column":83},"end":{"line":115,"column":10}},"skip":true},"8":{"name":"(anonymous_8)","line":123,"loc":{"start":{"line":123,"column":77},"end":{"line":126,"column":10}},"skip":true},"9":{"name":"(anonymous_9)","line":139,"loc":{"start":{"line":139,"column":12},"end":{"line":139,"column":40}},"skip":true},"10":{"name":"(anonymous_10)","line":147,"loc":{"start":{"line":147,"column":77},"end":{"line":150,"column":10}},"skip":true},"11":{"name":"(anonymous_11)","line":158,"loc":{"start":{"line":158,"column":83},"end":{"line":161,"column":10}},"skip":true},"12":{"name":"(anonymous_12)","line":169,"loc":{"start":{"line":169,"column":79},"end":{"line":172,"column":10}},"skip":true},"13":{"name":"(anonymous_13)","line":180,"loc":{"start":{"line":180,"column":75},"end":{"line":183,"column":10}},"skip":true}},"statementMap":{"1":{"start":{"line":12,"column":0},"end":{"line":195,"column":5}},"2":{"start":{"line":14,"column":4},"end":{"line":14,"column":14}},"3":{"start":{"line":19,"column":4},"end":{"line":56,"column":9}},"4":{"start":{"line":21,"column":8},"end":{"line":21,"column":19}},"5":{"start":{"line":23,"column":8},"end":{"line":35,"column":13}},"6":{"start":{"line":24,"column":12},"end":{"line":34,"column":13}},"7":{"start":{"line":25,"column":16},"end":{"line":28,"column":30}},"8":{"start":{"line":30,"column":16},"end":{"line":33,"column":27}},"9":{"start":{"line":37,"column":8},"end":{"line":39,"column":21}},"10":{"start":{"line":40,"column":8},"end":{"line":53,"column":9}},"11":{"start":{"line":43,"column":12},"end":{"line":46,"column":14}},"12":{"start":{"line":47,"column":12},"end":{"line":47,"column":18}},"13":{"start":{"line":50,"column":12},"end":{"line":51,"column":33}},"14":{"start":{"line":52,"column":12},"end":{"line":52,"column":18}},"15":{"start":{"line":55,"column":8},"end":{"line":55,"column":35}},"16":{"start":{"line":61,"column":4},"end":{"line":63,"column":9}},"17":{"start":{"line":62,"column":8},"end":{"line":62,"column":15}},"18":{"start":{"line":64,"column":4},"end":{"line":77,"column":5}},"19":{"start":{"line":70,"column":8},"end":{"line":70,"column":14}},"20":{"start":{"line":76,"column":8},"end":{"line":76,"column":14}},"21":{"start":{"line":82,"column":4},"end":{"line":84,"column":9}},"22":{"start":{"line":83,"column":8},"end":{"line":83,"column":15}},"23":{"start":{"line":85,"column":4},"end":{"line":194,"column":5}},"24":{"start":{"line":91,"column":8},"end":{"line":99,"column":10}},"25":{"start":{"line":98,"column":12},"end":{"line":98,"column":35}},"26":{"start":{"line":102,"column":8},"end":{"line":104,"column":63}},"27":{"start":{"line":105,"column":8},"end":{"line":105,"column":14}},"28":{"start":{"line":112,"column":8},"end":{"line":121,"column":10},"skip":true},"29":{"start":{"line":119,"column":12},"end":{"line":119,"column":55},"skip":true},"30":{"start":{"line":120,"column":12},"end":{"line":120,"column":48},"skip":true},"31":{"start":{"line":123,"column":8},"end":{"line":136,"column":10},"skip":true},"32":{"start":{"line":130,"column":12},"end":{"line":130,"column":76},"skip":true},"33":{"start":{"line":131,"column":12},"end":{"line":131,"column":73},"skip":true},"34":{"start":{"line":132,"column":12},"end":{"line":132,"column":74},"skip":true},"35":{"start":{"line":133,"column":12},"end":{"line":133,"column":79},"skip":true},"36":{"start":{"line":134,"column":12},"end":{"line":134,"column":25},"skip":true},"37":{"start":{"line":135,"column":12},"end":{"line":135,"column":45},"skip":true},"38":{"start":{"line":138,"column":8},"end":{"line":145,"column":14},"skip":true},"39":{"start":{"line":143,"column":16},"end":{"line":143,"column":29},"skip":true},"40":{"start":{"line":144,"column":16},"end":{"line":144,"column":55},"skip":true},"41":{"start":{"line":147,"column":8},"end":{"line":156,"column":10},"skip":true},"42":{"start":{"line":154,"column":12},"end":{"line":154,"column":25},"skip":true},"43":{"start":{"line":155,"column":12},"end":{"line":155,"column":45},"skip":true},"44":{"start":{"line":158,"column":8},"end":{"line":167,"column":10},"skip":true},"45":{"start":{"line":165,"column":12},"end":{"line":165,"column":25},"skip":true},"46":{"start":{"line":166,"column":12},"end":{"line":166,"column":48},"skip":true},"47":{"start":{"line":169,"column":8},"end":{"line":178,"column":10},"skip":true},"48":{"start":{"line":176,"column":12},"end":{"line":176,"column":25},"skip":true},"49":{"start":{"line":177,"column":12},"end":{"line":177,"column":46},"skip":true},"50":{"start":{"line":180,"column":8},"end":{"line":189,"column":10},"skip":true},"51":{"start":{"line":187,"column":12},"end":{"line":187,"column":94},"skip":true},"52":{"start":{"line":188,"column":12},"end":{"line":188,"column":48},"skip":true},"53":{"start":{"line":192,"column":8},"end":{"line":192,"column":35},"skip":true},"54":{"start":{"line":193,"column":8},"end":{"line":193,"column":14},"skip":true}},"branchMap":{"1":{"line":25,"type":"binary-expr","locations":[{"start":{"line":25,"column":23},"end":{"line":25,"column":62}},{"start":{"line":26,"column":20},"end":{"line":26,"column":70}},{"start":{"line":27,"column":20},"end":{"line":27,"column":71}},{"start":{"line":28,"column":20},"end":{"line":28,"column":29}}]},"2":{"line":30,"type":"binary-expr","locations":[{"start":{"line":30,"column":23},"end":{"line":30,"column":37}},{"start":{"line":31,"column":20},"end":{"line":31,"column":61}},{"start":{"line":32,"column":20},"end":{"line":32,"column":70}},{"start":{"line":33,"column":20},"end":{"line":33,"column":26}}]},"3":{"line":37,"type":"cond-expr","locations":[{"start":{"line":38,"column":14},"end":{"line":38,"column":20}},{"start":{"line":39,"column":14},"end":{"line":39,"column":20}}]},"4":{"line":40,"type":"switch","locations":[{"start":{"line":42,"column":8},"end":{"line":47,"column":18}},{"start":{"line":49,"column":8},"end":{"line":52,"column":18}}]},"5":{"line":44,"type":"binary-expr","locations":[{"start":{"line":44,"column":16},"end":{"line":44,"column":44}},{"start":{"line":44,"column":48},"end":{"line":44,"column":66}}]},"6":{"line":50,"type":"binary-expr","locations":[{"start":{"line":50,"column":21},"end":{"line":50,"column":49}},{"start":{"line":50,"column":53},"end":{"line":50,"column":72}}]},"7":{"line":64,"type":"switch","locations":[{"start":{"line":69,"column":4},"end":{"line":70,"column":14}},{"start":{"line":75,"column":4},"end":{"line":76,"column":14}}]},"8":{"line":85,"type":"switch","locations":[{"start":{"line":90,"column":4},"end":{"line":105,"column":14}},{"start":{"line":111,"column":4},"end":{"line":193,"column":14},"skip":true}]},"9":{"line":91,"type":"binary-expr","locations":[{"start":{"line":91,"column":42},"end":{"line":91,"column":73}},{"start":{"line":91,"column":77},"end":{"line":99,"column":9}}]},"10":{"line":102,"type":"binary-expr","locations":[{"start":{"line":102,"column":18},"end":{"line":102,"column":32}},{"start":{"line":103,"column":12},"end":{"line":103,"column":53}},{"start":{"line":104,"column":12},"end":{"line":104,"column":61}}]},"11":{"line":112,"type":"binary-expr","locations":[{"start":{"line":112,"column":45},"end":{"line":112,"column":79},"skip":true},{"start":{"line":112,"column":83},"end":{"line":121,"column":9},"skip":true}]},"12":{"line":123,"type":"binary-expr","locations":[{"start":{"line":123,"column":42},"end":{"line":123,"column":73},"skip":true},{"start":{"line":123,"column":77},"end":{"line":136,"column":9},"skip":true}]},"13":{"line":138,"type":"binary-expr","locations":[{"start":{"line":138,"column":48},"end":{"line":138,"column":85},"skip":true},{"start":{"line":139,"column":12},"end":{"line":145,"column":13},"skip":true}]},"14":{"line":147,"type":"binary-expr","locations":[{"start":{"line":147,"column":42},"end":{"line":147,"column":73},"skip":true},{"start":{"line":147,"column":77},"end":{"line":156,"column":9},"skip":true}]},"15":{"line":158,"type":"binary-expr","locations":[{"start":{"line":158,"column":45},"end":{"line":158,"column":79},"skip":true},{"start":{"line":158,"column":83},"end":{"line":167,"column":9},"skip":true}]},"16":{"line":169,"type":"binary-expr","locations":[{"start":{"line":169,"column":43},"end":{"line":169,"column":75},"skip":true},{"start":{"line":169,"column":79},"end":{"line":178,"column":9},"skip":true}]},"17":{"line":180,"type":"binary-expr","locations":[{"start":{"line":180,"column":41},"end":{"line":180,"column":71},"skip":true},{"start":{"line":180,"column":75},"end":{"line":189,"column":9},"skip":true}]}},"code":["/* istanbul instrument in package npmtest_accounting */","/*jslint","    bitwise: true,","    browser: true,","    maxerr: 8,","    maxlen: 96,","    node: true,","    nomen: true,","    regexp: true,","    stupid: true","*/","(function () {","    'use strict';","    var local;","","","","    // run shared js-env code - init-before","    (function () {","        // init local","        local = {};","        // init modeJs","        local.modeJs = (function () {","            try {","                return typeof navigator.userAgent === 'string' &&","                    typeof document.querySelector('body') === 'object' &&","                    typeof XMLHttpRequest.prototype.open === 'function' &&","                    'browser';","            } catch (errorCaughtBrowser) {","                return module.exports &&","                    typeof process.versions.node === 'string' &&","                    typeof require('http').createServer === 'function' &&","                    'node';","            }","        }());","        // init global","        local.global = local.modeJs === 'browser'","            ? window","            : global;","        switch (local.modeJs) {","        // re-init local from window.local","        case 'browser':","            local = local.global.utility2.objectSetDefault(","                local.global.utility2_rollup || local.global.local,","                local.global.utility2","            );","            break;","        // re-init local from example.js","        case 'node':","            local = (local.global.utility2_rollup || require('utility2'))","                .requireReadme();","            break;","        }","        // export local","        local.global.local = local;","    }());","","","","    // run shared js-env code - function","    (function () {","        return;","    }());","    switch (local.modeJs) {","","","","    // run browser js-env code - function","    case 'browser':","        break;","","","","    // run node js-env code - function","    case 'node':","        break;","    }","","","","    // run shared js-env code - init-after","    (function () {","        return;","    }());","    switch (local.modeJs) {","","","","    // run browser js-env code - init-after","    case 'browser':","        local.testCase_browser_nullCase = local.testCase_browser_nullCase || function (","            options,","            onError","        ) {","        /*","         * this function will test browsers's null-case handling-behavior-behavior","         */","            onError(null, options);","        };","","        // run tests","        local.nop(local.modeTest &&","            document.querySelector('#testRunButton1') &&","            document.querySelector('#testRunButton1').click());","        break;","","","","    // run node js-env code - init-after","    /* istanbul ignore next */","    case 'node':","        local.testCase_buildApidoc_default = local.testCase_buildApidoc_default || function (","            options,","            onError","        ) {","        /*","         * this function will test buildApidoc's default handling-behavior-behavior","         */","            options = { modulePathList: module.paths };","            local.buildApidoc(options, onError);","        };","","        local.testCase_buildApp_default = local.testCase_buildApp_default || function (","            options,","            onError","        ) {","        /*","         * this function will test buildApp's default handling-behavior-behavior","         */","            local.testCase_buildReadme_default(options, local.onErrorThrow);","            local.testCase_buildLib_default(options, local.onErrorThrow);","            local.testCase_buildTest_default(options, local.onErrorThrow);","            local.testCase_buildCustomOrg_default(options, local.onErrorThrow);","            options = [];","            local.buildApp(options, onError);","        };","","        local.testCase_buildCustomOrg_default = local.testCase_buildCustomOrg_default ||","            function (options, onError) {","            /*","             * this function will test buildCustomOrg's default handling-behavior","             */","                options = {};","                local.buildCustomOrg(options, onError);","            };","","        local.testCase_buildLib_default = local.testCase_buildLib_default || function (","            options,","            onError","        ) {","        /*","         * this function will test buildLib's default handling-behavior","         */","            options = {};","            local.buildLib(options, onError);","        };","","        local.testCase_buildReadme_default = local.testCase_buildReadme_default || function (","            options,","            onError","        ) {","        /*","         * this function will test buildReadme's default handling-behavior-behavior","         */","            options = {};","            local.buildReadme(options, onError);","        };","","        local.testCase_buildTest_default = local.testCase_buildTest_default || function (","            options,","            onError","        ) {","        /*","         * this function will test buildTest's default handling-behavior","         */","            options = {};","            local.buildTest(options, onError);","        };","","        local.testCase_webpage_default = local.testCase_webpage_default || function (","            options,","            onError","        ) {","        /*","         * this function will test webpage's default handling-behavior","         */","            options = { modeCoverageMerge: true, url: local.serverLocalHost + '?modeTest=1' };","            local.browserTest(options, onError);","        };","","        // run test-server","        local.testRunServer(local);","        break;","    }","}());",""],"l":{"12":2,"14":2,"19":2,"21":2,"23":2,"24":2,"25":2,"30":1,"37":2,"40":2,"43":1,"47":1,"50":1,"52":1,"55":2,"61":2,"62":2,"64":2,"70":1,"76":1,"82":2,"83":2,"85":2,"91":1,"98":1,"102":1,"105":1,"112":1,"119":1,"120":1,"123":1,"130":1,"131":1,"132":1,"133":1,"134":1,"135":1,"138":1,"143":2,"144":2,"147":1,"154":2,"155":2,"158":1,"165":2,"166":2,"169":1,"176":2,"177":2,"180":1,"187":1,"188":1,"192":1,"193":1}},"/home/travis/build/npmtest/node-npmtest-accounting/lib.npmtest_accounting.js":{"path":"/home/travis/build/npmtest/node-npmtest-accounting/lib.npmtest_accounting.js","s":{"1":2,"2":2,"3":2,"4":2,"5":2,"6":2,"7":2,"8":1,"9":2,"10":2,"11":2,"12":2,"13":1,"14":1,"15":1,"16":1},"b":{"1":[2,1,1,1],"2":[1,1,1,1],"3":[1,1],"4":[2,2],"5":[1,1]},"f":{"1":2,"2":2,"3":2},"fnMap":{"1":{"name":"(anonymous_1)","line":12,"loc":{"start":{"line":12,"column":1},"end":{"line":12,"column":13}}},"2":{"name":"(anonymous_2)","line":19,"loc":{"start":{"line":19,"column":5},"end":{"line":19,"column":17}}},"3":{"name":"(anonymous_3)","line":23,"loc":{"start":{"line":23,"column":24},"end":{"line":23,"column":36}}}},"statementMap":{"1":{"start":{"line":12,"column":0},"end":{"line":53,"column":5}},"2":{"start":{"line":14,"column":4},"end":{"line":14,"column":14}},"3":{"start":{"line":19,"column":4},"end":{"line":52,"column":9}},"4":{"start":{"line":21,"column":8},"end":{"line":21,"column":19}},"5":{"start":{"line":23,"column":8},"end":{"line":35,"column":13}},"6":{"start":{"line":24,"column":12},"end":{"line":34,"column":13}},"7":{"start":{"line":25,"column":16},"end":{"line":28,"column":30}},"8":{"start":{"line":30,"column":16},"end":{"line":33,"column":27}},"9":{"start":{"line":37,"column":8},"end":{"line":39,"column":21}},"10":{"start":{"line":41,"column":8},"end":{"line":41,"column":54}},"11":{"start":{"line":43,"column":8},"end":{"line":43,"column":55}},"12":{"start":{"line":45,"column":8},"end":{"line":51,"column":9}},"13":{"start":{"line":46,"column":12},"end":{"line":46,"column":61}},"14":{"start":{"line":48,"column":12},"end":{"line":48,"column":35}},"15":{"start":{"line":49,"column":12},"end":{"line":49,"column":49}},"16":{"start":{"line":50,"column":12},"end":{"line":50,"column":43}}},"branchMap":{"1":{"line":25,"type":"binary-expr","locations":[{"start":{"line":25,"column":23},"end":{"line":25,"column":62}},{"start":{"line":26,"column":20},"end":{"line":26,"column":70}},{"start":{"line":27,"column":20},"end":{"line":27,"column":71}},{"start":{"line":28,"column":20},"end":{"line":28,"column":29}}]},"2":{"line":30,"type":"binary-expr","locations":[{"start":{"line":30,"column":23},"end":{"line":30,"column":37}},{"start":{"line":31,"column":20},"end":{"line":31,"column":61}},{"start":{"line":32,"column":20},"end":{"line":32,"column":70}},{"start":{"line":33,"column":20},"end":{"line":33,"column":26}}]},"3":{"line":37,"type":"cond-expr","locations":[{"start":{"line":38,"column":14},"end":{"line":38,"column":20}},{"start":{"line":39,"column":14},"end":{"line":39,"column":20}}]},"4":{"line":41,"type":"binary-expr","locations":[{"start":{"line":41,"column":16},"end":{"line":41,"column":44}},{"start":{"line":41,"column":48},"end":{"line":41,"column":53}}]},"5":{"line":45,"type":"if","locations":[{"start":{"line":45,"column":8},"end":{"line":45,"column":8}},{"start":{"line":45,"column":8},"end":{"line":45,"column":8}}]}},"code":["/* istanbul instrument in package npmtest_accounting */","/*jslint","    bitwise: true,","    browser: true,","    maxerr: 8,","    maxlen: 96,","    node: true,","    nomen: true,","    regexp: true,","    stupid: true","*/","(function () {","    'use strict';","    var local;","","","","    // run shared js-env code - init-before","    (function () {","        // init local","        local = {};","        // init modeJs","        local.modeJs = (function () {","            try {","                return typeof navigator.userAgent === 'string' &&","                    typeof document.querySelector('body') === 'object' &&","                    typeof XMLHttpRequest.prototype.open === 'function' &&","                    'browser';","            } catch (errorCaughtBrowser) {","                return module.exports &&","                    typeof process.versions.node === 'string' &&","                    typeof require('http').createServer === 'function' &&","                    'node';","            }","        }());","        // init global","        local.global = local.modeJs === 'browser'","            ? window","            : global;","        // init utility2_rollup","        local = local.global.utility2_rollup || local;","        // init lib","        local.local = local.npmtest_accounting = local;","        // init exports","        if (local.modeJs === 'browser') {","            local.global.utility2_npmtest_accounting = local;","        } else {","            module.exports = local;","            module.exports.__dirname = __dirname;","            module.exports.module = module;","        }","    }());","}());",""],"l":{"12":2,"14":2,"19":2,"21":2,"23":2,"24":2,"25":2,"30":1,"37":2,"41":2,"43":2,"45":2,"46":1,"48":1,"49":1,"50":1}},"/home/travis/build/npmtest/node-npmtest-accounting/example.js":{"path":"/home/travis/build/npmtest/node-npmtest-accounting/example.js","s":{"1":2,"2":2,"3":2,"4":2,"5":2,"6":2,"7":2,"8":1,"9":2,"10":2,"11":2,"12":2,"13":1,"14":2,"15":2,"16":2,"17":2,"18":2,"19":0,"20":2,"21":1,"22":1,"23":1,"24":1,"25":1,"26":0,"27":0,"28":1,"29":1,"30":2,"31":0,"32":0,"33":0,"34":1,"35":2,"36":2,"37":3,"38":3,"39":3,"40":3,"41":0,"42":3,"43":3,"44":3,"45":1,"46":3,"47":1,"48":1,"49":1,"50":1,"51":1,"52":1,"53":1,"54":1,"55":1,"56":1,"57":0,"58":1,"59":6,"60":6,"61":1,"62":2,"63":0,"64":2,"65":1,"66":1,"67":0,"68":0,"69":0,"70":0,"71":0,"72":0,"73":0,"74":0,"75":0,"76":0,"77":0,"78":0,"79":0,"80":0,"81":0,"82":0,"83":0},"b":{"1":[2,1,1,1],"2":[1,1,1,1],"3":[1,1],"4":[2,2],"5":[1,1],"6":[1,1],"7":[2,0],"8":[2,1,1,1,1,1],"9":[0,2,0],"10":[1,1],"11":[2,1,1],"12":[1,0],"13":[0,2],"14":[2,0,0,0,0,0,0],"15":[0,3],"16":[3,0],"17":[1,1],"18":[0,1],"19":[1,2,0,2],"20":[1,0],"21":[1,1],"22":[0,0],"23":[0,0],"24":[0,0],"25":[0,0],"26":[0,0],"27":[0,0],"28":[0,0]},"f":{"1":2,"2":2,"3":2,"4":2,"5":2,"6":2,"7":3,"8":3,"9":3,"10":1,"11":6,"12":0},"fnMap":{"1":{"name":"(anonymous_1)","line":26,"loc":{"start":{"line":26,"column":1},"end":{"line":26,"column":13}}},"2":{"name":"(anonymous_2)","line":33,"loc":{"start":{"line":33,"column":5},"end":{"line":33,"column":17}}},"3":{"name":"(anonymous_3)","line":37,"loc":{"start":{"line":37,"column":24},"end":{"line":37,"column":36}}},"4":{"name":"(anonymous_4)","line":69,"loc":{"start":{"line":69,"column":31},"end":{"line":69,"column":48}},"skip":true},"5":{"name":"(anonymous_5)","line":78,"loc":{"start":{"line":78,"column":26},"end":{"line":78,"column":45}},"skip":true},"6":{"name":"(anonymous_6)","line":123,"loc":{"start":{"line":123,"column":33},"end":{"line":123,"column":48}},"skip":true},"7":{"name":"(anonymous_7)","line":125,"loc":{"start":{"line":125,"column":27},"end":{"line":125,"column":39}},"skip":true},"8":{"name":"(anonymous_8)","line":133,"loc":{"start":{"line":133,"column":59},"end":{"line":133,"column":74}},"skip":true},"9":{"name":"(anonymous_9)","line":143,"loc":{"start":{"line":143,"column":45},"end":{"line":143,"column":62}},"skip":true},"10":{"name":"(anonymous_10)","line":144,"loc":{"start":{"line":144,"column":73},"end":{"line":144,"column":92}},"skip":true},"11":{"name":"(anonymous_11)","line":272,"loc":{"start":{"line":272,"column":51},"end":{"line":272,"column":77}},"skip":true},"12":{"name":"(anonymous_12)","line":315,"loc":{"start":{"line":315,"column":32},"end":{"line":315,"column":61}},"skip":true}},"statementMap":{"1":{"start":{"line":26,"column":0},"end":{"line":326,"column":5}},"2":{"start":{"line":28,"column":4},"end":{"line":28,"column":14}},"3":{"start":{"line":33,"column":4},"end":{"line":60,"column":9}},"4":{"start":{"line":35,"column":8},"end":{"line":35,"column":19}},"5":{"start":{"line":37,"column":8},"end":{"line":49,"column":13}},"6":{"start":{"line":38,"column":12},"end":{"line":48,"column":13}},"7":{"start":{"line":39,"column":16},"end":{"line":42,"column":30}},"8":{"start":{"line":44,"column":16},"end":{"line":47,"column":27}},"9":{"start":{"line":51,"column":8},"end":{"line":53,"column":21}},"10":{"start":{"line":55,"column":8},"end":{"line":57,"column":45}},"11":{"start":{"line":59,"column":8},"end":{"line":59,"column":35}},"12":{"start":{"line":61,"column":4},"end":{"line":325,"column":5}},"13":{"start":{"line":69,"column":8},"end":{"line":121,"column":10},"skip":true},"14":{"start":{"line":70,"column":12},"end":{"line":88,"column":13},"skip":true},"15":{"start":{"line":76,"column":16},"end":{"line":87,"column":19},"skip":true},"16":{"start":{"line":79,"column":20},"end":{"line":86,"column":21},"skip":true},"17":{"start":{"line":82,"column":24},"end":{"line":82,"column":43},"skip":true},"18":{"start":{"line":83,"column":24},"end":{"line":83,"column":30},"skip":true},"19":{"start":{"line":85,"column":24},"end":{"line":85,"column":49},"skip":true},"20":{"start":{"line":89,"column":12},"end":{"line":107,"column":13},"skip":true},"21":{"start":{"line":92,"column":16},"end":{"line":102,"column":17},"skip":true},"22":{"start":{"line":93,"column":20},"end":{"line":93,"column":86},"skip":true},"23":{"start":{"line":94,"column":20},"end":{"line":95,"column":45},"skip":true},"24":{"start":{"line":96,"column":20},"end":{"line":96,"column":42},"skip":true},"25":{"start":{"line":97,"column":20},"end":{"line":97,"column":48},"skip":true},"26":{"start":{"line":100,"column":20},"end":{"line":100,"column":85},"skip":true},"27":{"start":{"line":101,"column":20},"end":{"line":101,"column":96},"skip":true},"28":{"start":{"line":103,"column":16},"end":{"line":103,"column":22},"skip":true},"29":{"start":{"line":106,"column":16},"end":{"line":106,"column":22},"skip":true},"30":{"start":{"line":108,"column":12},"end":{"line":120,"column":13},"skip":true},"31":{"start":{"line":114,"column":16},"end":{"line":119,"column":17},"skip":true},"32":{"start":{"line":116,"column":20},"end":{"line":116,"column":78},"skip":true},"33":{"start":{"line":118,"column":20},"end":{"line":118,"column":47},"skip":true},"34":{"start":{"line":123,"column":8},"end":{"line":141,"column":11},"skip":true},"35":{"start":{"line":124,"column":12},"end":{"line":124,"column":54},"skip":true},"36":{"start":{"line":125,"column":12},"end":{"line":140,"column":14},"skip":true},"37":{"start":{"line":126,"column":16},"end":{"line":126,"column":28},"skip":true},"38":{"start":{"line":127,"column":16},"end":{"line":127,"column":69},"skip":true},"39":{"start":{"line":128,"column":16},"end":{"line":128,"column":75},"skip":true},"40":{"start":{"line":129,"column":16},"end":{"line":131,"column":17},"skip":true},"41":{"start":{"line":130,"column":20},"end":{"line":130,"column":27},"skip":true},"42":{"start":{"line":133,"column":16},"end":{"line":137,"column":36},"skip":true},"43":{"start":{"line":134,"column":20},"end":{"line":136,"column":55},"skip":true},"44":{"start":{"line":139,"column":16},"end":{"line":139,"column":57},"skip":true},"45":{"start":{"line":143,"column":8},"end":{"line":147,"column":11},"skip":true},"46":{"start":{"line":144,"column":12},"end":{"line":146,"column":15},"skip":true},"47":{"start":{"line":145,"column":16},"end":{"line":145,"column":70},"skip":true},"48":{"start":{"line":149,"column":8},"end":{"line":149,"column":31},"skip":true},"49":{"start":{"line":150,"column":8},"end":{"line":150,"column":14},"skip":true},"50":{"start":{"line":158,"column":8},"end":{"line":158,"column":31},"skip":true},"51":{"start":{"line":160,"column":8},"end":{"line":160,"column":33},"skip":true},"52":{"start":{"line":161,"column":8},"end":{"line":161,"column":37},"skip":true},"53":{"start":{"line":162,"column":8},"end":{"line":162,"column":35},"skip":true},"54":{"start":{"line":164,"column":8},"end":{"line":164,"column":50},"skip":true},"55":{"start":{"line":166,"column":8},"end":{"line":256,"column":2},"skip":true},"56":{"start":{"line":258,"column":8},"end":{"line":286,"column":9},"skip":true},"57":{"start":{"line":259,"column":12},"end":{"line":269,"column":14},"skip":true},"58":{"start":{"line":271,"column":12},"end":{"line":285,"column":19},"skip":true},"59":{"start":{"line":274,"column":20},"end":{"line":274,"column":35},"skip":true},"60":{"start":{"line":275,"column":20},"end":{"line":284,"column":21},"skip":true},"61":{"start":{"line":277,"column":24},"end":{"line":277,"column":64},"skip":true},"62":{"start":{"line":279,"column":24},"end":{"line":279,"column":40},"skip":true},"63":{"start":{"line":281,"column":24},"end":{"line":281,"column":40},"skip":true},"64":{"start":{"line":283,"column":24},"end":{"line":283,"column":39},"skip":true},"65":{"start":{"line":288,"column":8},"end":{"line":290,"column":9},"skip":true},"66":{"start":{"line":289,"column":12},"end":{"line":289,"column":18},"skip":true},"67":{"start":{"line":291,"column":8},"end":{"line":293,"column":54},"skip":true},"68":{"start":{"line":296,"column":8},"end":{"line":301,"column":37},"skip":true},"69":{"start":{"line":303,"column":8},"end":{"line":303,"column":82},"skip":true},"70":{"start":{"line":306,"column":8},"end":{"line":308,"column":9},"skip":true},"71":{"start":{"line":307,"column":12},"end":{"line":307,"column":82},"skip":true},"72":{"start":{"line":310,"column":8},"end":{"line":312,"column":9},"skip":true},"73":{"start":{"line":311,"column":12},"end":{"line":311,"column":18},"skip":true},"74":{"start":{"line":313,"column":8},"end":{"line":313,"column":54},"skip":true},"75":{"start":{"line":314,"column":8},"end":{"line":314,"column":69},"skip":true},"76":{"start":{"line":315,"column":8},"end":{"line":323,"column":36},"skip":true},"77":{"start":{"line":316,"column":12},"end":{"line":316,"column":61},"skip":true},"78":{"start":{"line":317,"column":12},"end":{"line":320,"column":13},"skip":true},"79":{"start":{"line":318,"column":16},"end":{"line":318,"column":75},"skip":true},"80":{"start":{"line":319,"column":16},"end":{"line":319,"column":23},"skip":true},"81":{"start":{"line":321,"column":12},"end":{"line":321,"column":38},"skip":true},"82":{"start":{"line":322,"column":12},"end":{"line":322,"column":27},"skip":true},"83":{"start":{"line":324,"column":8},"end":{"line":324,"column":14},"skip":true}},"branchMap":{"1":{"line":39,"type":"binary-expr","locations":[{"start":{"line":39,"column":23},"end":{"line":39,"column":62}},{"start":{"line":40,"column":20},"end":{"line":40,"column":70}},{"start":{"line":41,"column":20},"end":{"line":41,"column":71}},{"start":{"line":42,"column":20},"end":{"line":42,"column":29}}]},"2":{"line":44,"type":"binary-expr","locations":[{"start":{"line":44,"column":23},"end":{"line":44,"column":37}},{"start":{"line":45,"column":20},"end":{"line":45,"column":61}},{"start":{"line":46,"column":20},"end":{"line":46,"column":70}},{"start":{"line":47,"column":20},"end":{"line":47,"column":26}}]},"3":{"line":51,"type":"cond-expr","locations":[{"start":{"line":52,"column":14},"end":{"line":52,"column":20}},{"start":{"line":53,"column":14},"end":{"line":53,"column":20}}]},"4":{"line":55,"type":"binary-expr","locations":[{"start":{"line":55,"column":16},"end":{"line":55,"column":44}},{"start":{"line":55,"column":49},"end":{"line":57,"column":43}}]},"5":{"line":55,"type":"cond-expr","locations":[{"start":{"line":56,"column":14},"end":{"line":56,"column":54}},{"start":{"line":57,"column":14},"end":{"line":57,"column":43}}]},"6":{"line":61,"type":"switch","locations":[{"start":{"line":68,"column":4},"end":{"line":150,"column":14},"skip":true},{"start":{"line":156,"column":4},"end":{"line":324,"column":14},"skip":true}]},"7":{"line":70,"type":"if","locations":[{"start":{"line":70,"column":12},"end":{"line":70,"column":12},"skip":true},{"start":{"line":70,"column":12},"end":{"line":70,"column":12},"skip":true}]},"8":{"line":70,"type":"binary-expr","locations":[{"start":{"line":70,"column":16},"end":{"line":70,"column":22},"skip":true},{"start":{"line":70,"column":27},"end":{"line":70,"column":32},"skip":true},{"start":{"line":71,"column":20},"end":{"line":71,"column":39},"skip":true},{"start":{"line":72,"column":20},"end":{"line":72,"column":49},"skip":true},{"start":{"line":73,"column":20},"end":{"line":73,"column":58},"skip":true},{"start":{"line":74,"column":20},"end":{"line":74,"column":69},"skip":true}]},"9":{"line":79,"type":"switch","locations":[{"start":{"line":80,"column":20},"end":{"line":80,"column":33},"skip":true},{"start":{"line":81,"column":20},"end":{"line":83,"column":30},"skip":true},{"start":{"line":84,"column":20},"end":{"line":85,"column":49},"skip":true}]},"10":{"line":89,"type":"switch","locations":[{"start":{"line":90,"column":12},"end":{"line":103,"column":22},"skip":true},{"start":{"line":105,"column":12},"end":{"line":106,"column":22},"skip":true}]},"11":{"line":89,"type":"binary-expr","locations":[{"start":{"line":89,"column":20},"end":{"line":89,"column":25},"skip":true},{"start":{"line":89,"column":29},"end":{"line":89,"column":48},"skip":true},{"start":{"line":89,"column":52},"end":{"line":89,"column":74},"skip":true}]},"12":{"line":92,"type":"if","locations":[{"start":{"line":92,"column":16},"end":{"line":92,"column":16},"skip":true},{"start":{"line":92,"column":16},"end":{"line":92,"column":16},"skip":true}]},"13":{"line":108,"type":"if","locations":[{"start":{"line":108,"column":12},"end":{"line":108,"column":12},"skip":true},{"start":{"line":108,"column":12},"end":{"line":108,"column":12},"skip":true}]},"14":{"line":108,"type":"binary-expr","locations":[{"start":{"line":108,"column":16},"end":{"line":108,"column":61},"skip":true},{"start":{"line":108,"column":66},"end":{"line":108,"column":72},"skip":true},{"start":{"line":108,"column":77},"end":{"line":108,"column":82},"skip":true},{"start":{"line":109,"column":20},"end":{"line":109,"column":39},"skip":true},{"start":{"line":110,"column":20},"end":{"line":110,"column":49},"skip":true},{"start":{"line":111,"column":20},"end":{"line":111,"column":58},"skip":true},{"start":{"line":112,"column":20},"end":{"line":112,"column":68},"skip":true}]},"15":{"line":129,"type":"if","locations":[{"start":{"line":129,"column":16},"end":{"line":129,"column":16},"skip":true},{"start":{"line":129,"column":16},"end":{"line":129,"column":16},"skip":true}]},"16":{"line":134,"type":"cond-expr","locations":[{"start":{"line":135,"column":26},"end":{"line":135,"column":29},"skip":true},{"start":{"line":136,"column":26},"end":{"line":136,"column":54},"skip":true}]},"17":{"line":164,"type":"binary-expr","locations":[{"start":{"line":164,"column":27},"end":{"line":164,"column":43},"skip":true},{"start":{"line":164,"column":47},"end":{"line":164,"column":49},"skip":true}]},"18":{"line":258,"type":"if","locations":[{"start":{"line":258,"column":8},"end":{"line":258,"column":8},"skip":true},{"start":{"line":258,"column":8},"end":{"line":258,"column":8},"skip":true}]},"19":{"line":275,"type":"switch","locations":[{"start":{"line":276,"column":20},"end":{"line":277,"column":64},"skip":true},{"start":{"line":278,"column":20},"end":{"line":279,"column":40},"skip":true},{"start":{"line":280,"column":20},"end":{"line":281,"column":40},"skip":true},{"start":{"line":282,"column":20},"end":{"line":283,"column":39},"skip":true}]},"20":{"line":288,"type":"if","locations":[{"start":{"line":288,"column":8},"end":{"line":288,"column":8},"skip":true},{"start":{"line":288,"column":8},"end":{"line":288,"column":8},"skip":true}]},"21":{"line":288,"type":"binary-expr","locations":[{"start":{"line":288,"column":12},"end":{"line":288,"column":40},"skip":true},{"start":{"line":288,"column":44},"end":{"line":288,"column":67},"skip":true}]},"22":{"line":292,"type":"binary-expr","locations":[{"start":{"line":292,"column":12},"end":{"line":292,"column":50},"skip":true},{"start":{"line":293,"column":12},"end":{"line":293,"column":53},"skip":true}]},"23":{"line":297,"type":"binary-expr","locations":[{"start":{"line":297,"column":12},"end":{"line":297,"column":68},"skip":true},{"start":{"line":298,"column":12},"end":{"line":301,"column":36},"skip":true}]},"24":{"line":303,"type":"binary-expr","locations":[{"start":{"line":303,"column":43},"end":{"line":303,"column":75},"skip":true},{"start":{"line":303,"column":79},"end":{"line":303,"column":81},"skip":true}]},"25":{"line":306,"type":"if","locations":[{"start":{"line":306,"column":8},"end":{"line":306,"column":8},"skip":true},{"start":{"line":306,"column":8},"end":{"line":306,"column":8},"skip":true}]},"26":{"line":310,"type":"if","locations":[{"start":{"line":310,"column":8},"end":{"line":310,"column":8},"skip":true},{"start":{"line":310,"column":8},"end":{"line":310,"column":8},"skip":true}]},"27":{"line":313,"type":"binary-expr","locations":[{"start":{"line":313,"column":27},"end":{"line":313,"column":43},"skip":true},{"start":{"line":313,"column":47},"end":{"line":313,"column":53},"skip":true}]},"28":{"line":317,"type":"if","locations":[{"start":{"line":317,"column":12},"end":{"line":317,"column":12},"skip":true},{"start":{"line":317,"column":12},"end":{"line":317,"column":12},"skip":true}]}},"code":["/*","example.js","","quickstart example","","instruction","    1. save this script as example.js","    2. run the shell command:","        $ npm install npmtest-accounting && PORT=8081 node example.js","    3. play with the browser-demo on http://127.0.0.1:8081","*/","","","","/* istanbul instrument in package npmtest_accounting */","/*jslint","    bitwise: true,","    browser: true,","    maxerr: 8,","    maxlen: 96,","    node: true,","    nomen: true,","    regexp: true,","    stupid: true","*/","(function () {","    'use strict';","    var local;","","","","    // run shared js-env code - init-before","    (function () {","        // init local","        local = {};","        // init modeJs","        local.modeJs = (function () {","            try {","                return typeof navigator.userAgent === 'string' &&","                    typeof document.querySelector('body') === 'object' &&","                    typeof XMLHttpRequest.prototype.open === 'function' &&","                    'browser';","            } catch (errorCaughtBrowser) {","                return module.exports &&","                    typeof process.versions.node === 'string' &&","                    typeof require('http').createServer === 'function' &&","                    'node';","            }","        }());","        // init global","        local.global = local.modeJs === 'browser'","            ? window","            : global;","        // init utility2_rollup","        local = local.global.utility2_rollup || (local.modeJs === 'browser'","            ? local.global.utility2_npmtest_accounting","            : global.utility2_moduleExports);","        // export local","        local.global.local = local;","    }());","    switch (local.modeJs) {","","","","    // init-after","    // run browser js-env code - init-after","    /* istanbul ignore next */","    case 'browser':","        local.testRunBrowser = function (event) {","            if (!event || (event &&","                    event.currentTarget &&","                    event.currentTarget.className &&","                    event.currentTarget.className.includes &&","                    event.currentTarget.className.includes('onreset'))) {","                // reset output","                Array.from(","                    document.querySelectorAll('body > .resettable')","                ).forEach(function (element) {","                    switch (element.tagName) {","                    case 'INPUT':","                    case 'TEXTAREA':","                        element.value = '';","                        break;","                    default:","                        element.textContent = '';","                    }","                });","            }","            switch (event && event.currentTarget && event.currentTarget.id) {","            case 'testRunButton1':","                // show tests","                if (document.querySelector('#testReportDiv1').style.display === 'none') {","                    document.querySelector('#testReportDiv1').style.display = 'block';","                    document.querySelector('#testRunButton1').textContent =","                        'hide internal test';","                    local.modeTest = true;","                    local.testRunDefault(local);","                // hide tests","                } else {","                    document.querySelector('#testReportDiv1').style.display = 'none';","                    document.querySelector('#testRunButton1').textContent = 'run internal test';","                }","                break;","            // custom-case","            default:","                break;","            }","            if (document.querySelector('#inputTextareaEval1') && (!event || (event &&","                    event.currentTarget &&","                    event.currentTarget.className &&","                    event.currentTarget.className.includes &&","                    event.currentTarget.className.includes('oneval')))) {","                // try to eval input-code","                try {","                    /*jslint evil: true*/","                    eval(document.querySelector('#inputTextareaEval1').value);","                } catch (errorCaught) {","                    console.error(errorCaught);","                }","            }","        };","        // log stderr and stdout to #outputTextareaStdout1","        ['error', 'log'].forEach(function (key) {","            console[key + '_original'] = console[key];","            console[key] = function () {","                var element;","                console[key + '_original'].apply(console, arguments);","                element = document.querySelector('#outputTextareaStdout1');","                if (!element) {","                    return;","                }","                // append text to #outputTextareaStdout1","                element.value += Array.from(arguments).map(function (arg) {","                    return typeof arg === 'string'","                        ? arg","                        : JSON.stringify(arg, null, 4);","                }).join(' ') + '\\n';","                // scroll textarea to bottom","                element.scrollTop = element.scrollHeight;","            };","        });","        // init event-handling","        ['change', 'click', 'keyup'].forEach(function (event) {","            Array.from(document.querySelectorAll('.on' + event)).forEach(function (element) {","                element.addEventListener(event, local.testRunBrowser);","            });","        });","        // run tests","        local.testRunBrowser();","        break;","","","","    // run node js-env code - init-after","    /* istanbul ignore next */","    case 'node':","        // export local","        module.exports = local;","        // require modules","        local.fs = require('fs');","        local.http = require('http');","        local.url = require('url');","        // init assets","        local.assetsDict = local.assetsDict || {};","        /* jslint-ignore-begin */","        local.assetsDict['/assets.index.template.html'] = '\\","<!doctype html>\\n\\","<html lang=\"en\">\\n\\","<head>\\n\\","<meta charset=\"UTF-8\">\\n\\","<meta name=\"viewport\" content=\"width=device-width, initial-scale=1\">\\n\\","<title>{{env.npm_package_name}} (v{{env.npm_package_version}})</title>\\n\\","<style>\\n\\","/*csslint\\n\\","    box-sizing: false,\\n\\","    universal-selector: false\\n\\","*/\\n\\","* {\\n\\","    box-sizing: border-box;\\n\\","}\\n\\","body {\\n\\","    background: #dde;\\n\\","    font-family: Arial, Helvetica, sans-serif;\\n\\","    margin: 2rem;\\n\\","}\\n\\","body > * {\\n\\","    margin-bottom: 1rem;\\n\\","}\\n\\",".utility2FooterDiv {\\n\\","    margin-top: 20px;\\n\\","    text-align: center;\\n\\","}\\n\\","</style>\\n\\","<style>\\n\\","/*csslint\\n\\","*/\\n\\","textarea {\\n\\","    font-family: monospace;\\n\\","    height: 10rem;\\n\\","    width: 100%;\\n\\","}\\n\\","textarea[readonly] {\\n\\","    background: #ddd;\\n\\","}\\n\\","</style>\\n\\","</head>\\n\\","<body>\\n\\","<!-- utility2-comment\\n\\","<div id=\"ajaxProgressDiv1\" style=\"background: #d00; height: 2px; left: 0; margin: 0; padding: 0; position: fixed; top: 0; transition: background 0.5s, width 1.5s; width: 25%;\"></div>\\n\\","utility2-comment -->\\n\\","<h1>\\n\\","<!-- utility2-comment\\n\\","    <a\\n\\","        {{#if env.npm_package_homepage}}\\n\\","        href=\"{{env.npm_package_homepage}}\"\\n\\","        {{/if env.npm_package_homepage}}\\n\\","        target=\"_blank\"\\n\\","    >\\n\\","utility2-comment -->\\n\\","        {{env.npm_package_name}} (v{{env.npm_package_version}})\\n\\","<!-- utility2-comment\\n\\","    </a>\\n\\","utility2-comment -->\\n\\","</h1>\\n\\","<h3>{{env.npm_package_description}}</h3>\\n\\","<!-- utility2-comment\\n\\","<h4><a download href=\"assets.app.js\">download standalone app</a></h4>\\n\\","<button class=\"onclick onreset\" id=\"testRunButton1\">run internal test</button><br>\\n\\","<div id=\"testReportDiv1\" style=\"display: none;\"></div>\\n\\","utility2-comment -->\\n\\","\\n\\","\\n\\","\\n\\","<label>stderr and stdout</label>\\n\\","<textarea class=\"resettable\" id=\"outputTextareaStdout1\" readonly></textarea>\\n\\","<!-- utility2-comment\\n\\","{{#if isRollup}}\\n\\","<script src=\"assets.app.js\"></script>\\n\\","{{#unless isRollup}}\\n\\","utility2-comment -->\\n\\","<script src=\"assets.utility2.rollup.js\"></script>\\n\\","<script src=\"jsonp.utility2._stateInit?callback=window.utility2._stateInit\"></script>\\n\\","<script src=\"assets.npmtest_accounting.rollup.js\"></script>\\n\\","<script src=\"assets.example.js\"></script>\\n\\","<script src=\"assets.test.js\"></script>\\n\\","<!-- utility2-comment\\n\\","{{/if isRollup}}\\n\\","utility2-comment -->\\n\\","<div class=\"utility2FooterDiv\">\\n\\","    [ this app was created with\\n\\","    <a href=\"https://github.com/kaizhu256/node-utility2\" target=\"_blank\">utility2</a>\\n\\","    ]\\n\\","</div>\\n\\","</body>\\n\\","</html>\\n\\","';","        /* jslint-ignore-end */","        if (local.templateRender) {","            local.assetsDict['/'] = local.templateRender(","                local.assetsDict['/assets.index.template.html'],","                {","                    env: local.objectSetDefault(local.env, {","                        npm_package_description: 'the greatest app in the world!',","                        npm_package_name: 'my-app',","                        npm_package_nameAlias: 'my_app',","                        npm_package_version: '0.0.1'","                    })","                }","            );","        } else {","            local.assetsDict['/'] = local.assetsDict['/assets.index.template.html']","                .replace((/\\{\\{env\\.(\\w+?)\\}\\}/g), function (match0, match1) {","                    // jslint-hack","                    String(match0);","                    switch (match1) {","                    case 'npm_package_description':","                        return 'the greatest app in the world!';","                    case 'npm_package_name':","                        return 'my-app';","                    case 'npm_package_nameAlias':","                        return 'my_app';","                    case 'npm_package_version':","                        return '0.0.1';","                    }","                });","        }","        // run the cli","        if (local.global.utility2_rollup || module !== require.main) {","            break;","        }","        local.assetsDict['/assets.example.js'] =","            local.assetsDict['/assets.example.js'] ||","            local.fs.readFileSync(__filename, 'utf8');","        // bug-workaround - long $npm_package_buildCustomOrg","        /* jslint-ignore-begin */","        local.assetsDict['/assets.npmtest_accounting.rollup.js'] =","            local.assetsDict['/assets.npmtest_accounting.rollup.js'] ||","            local.fs.readFileSync(","                local.npmtest_accounting.__dirname + '/lib.npmtest_accounting.js',","                'utf8'","            ).replace((/^#!/), '//');","        /* jslint-ignore-end */","        local.assetsDict['/favicon.ico'] = local.assetsDict['/favicon.ico'] || '';","        // if $npm_config_timeout_exit exists,","        // then exit this process after $npm_config_timeout_exit ms","        if (Number(process.env.npm_config_timeout_exit)) {","            setTimeout(process.exit, Number(process.env.npm_config_timeout_exit));","        }","        // start server","        if (local.global.utility2_serverHttp1) {","            break;","        }","        process.env.PORT = process.env.PORT || '8081';","        console.error('server starting on port ' + process.env.PORT);","        local.http.createServer(function (request, response) {","            request.urlParsed = local.url.parse(request.url);","            if (local.assetsDict[request.urlParsed.pathname] !== undefined) {","                response.end(local.assetsDict[request.urlParsed.pathname]);","                return;","            }","            response.statusCode = 404;","            response.end();","        }).listen(process.env.PORT);","        break;","    }","}());",""],"l":{"26":2,"28":2,"33":2,"35":2,"37":2,"38":2,"39":2,"44":1,"51":2,"55":2,"59":2,"61":2,"69":1,"70":2,"76":2,"79":2,"82":2,"83":2,"85":1,"89":2,"92":1,"93":1,"94":1,"96":1,"97":1,"100":1,"101":1,"103":1,"106":1,"108":2,"114":1,"116":1,"118":1,"123":1,"124":2,"125":2,"126":3,"127":3,"128":3,"129":3,"130":1,"133":3,"134":3,"139":3,"143":1,"144":3,"145":1,"149":1,"150":1,"158":1,"160":1,"161":1,"162":1,"164":1,"166":1,"258":1,"259":1,"271":1,"274":6,"275":6,"277":1,"279":2,"281":1,"283":2,"288":1,"289":1,"291":1,"296":1,"303":1,"306":1,"307":1,"310":1,"311":1,"313":1,"314":1,"315":1,"316":1,"317":1,"318":1,"319":1,"321":1,"322":1,"324":1}},"/home/travis/build/npmtest/node-npmtest-accounting/node_modules/accounting/accounting.js":{"path":"/home/travis/build/npmtest/node-npmtest-accounting/node_modules/accounting/accounting.js","s":{"1":1,"2":1,"3":1,"4":1,"5":1,"6":1,"7":0,"8":1,"9":0,"10":1,"11":0,"12":1,"13":0,"14":0,"15":0,"16":0,"17":0,"18":0,"19":0,"20":0,"21":1,"22":0,"23":0,"24":0,"25":0,"26":0,"27":0,"28":0,"29":0,"30":1,"31":0,"32":0,"33":1,"34":0,"35":0,"36":0,"37":0,"38":0,"39":0,"40":0,"41":0,"42":1,"43":0,"44":0,"45":0,"46":0,"47":0,"48":0,"49":0,"50":0,"51":0,"52":1,"53":0,"54":0,"55":0,"56":1,"57":0,"58":0,"59":0,"60":0,"61":0,"62":0,"63":1,"64":0,"65":0,"66":0,"67":0,"68":0,"69":0,"70":1,"71":0,"72":0,"73":0,"74":0,"75":0,"76":0,"77":0,"78":0,"79":0,"80":0,"81":0,"82":0,"83":0,"84":0,"85":1,"86":1,"87":1,"88":1,"89":0,"90":0,"91":0,"92":0,"93":0,"94":0,"95":0,"96":0,"97":0},"b":{"1":[0,0,0,0],"2":[0,0],"3":[0,0],"4":[0,0],"5":[0,0],"6":[0,0],"7":[0,0],"8":[0,0],"9":[0,0],"10":[0,0],"11":[0,0],"12":[0,0],"13":[0,0],"14":[0,0],"15":[0,0],"16":[0,0,0],"17":[0,0],"18":[0,0],"19":[0,0],"20":[0,0],"21":[0,0],"22":[0,0],"23":[0,0],"24":[0,0],"25":[0,0],"26":[0,0],"27":[0,0],"28":[0,0],"29":[0,0],"30":[0,0],"31":[0,0],"32":[0,0],"33":[0,0],"34":[0,0],"35":[0,0],"36":[0,0],"37":[0,0],"38":[0,0],"39":[0,0],"40":[0,0],"41":[0,0],"42":[0,0],"43":[0,0],"44":[1,0],"45":[1,0],"46":[1,1],"47":[0,0],"48":[0,0]},"f":{"1":1,"2":0,"3":0,"4":0,"5":0,"6":0,"7":0,"8":0,"9":0,"10":0,"11":0,"12":0,"13":0,"14":0,"15":0,"16":0,"17":0,"18":0,"19":0,"20":0,"21":0},"fnMap":{"1":{"name":"(anonymous_1)","line":12,"loc":{"start":{"line":12,"column":1},"end":{"line":12,"column":27}}},"2":{"name":"isString","line":56,"loc":{"start":{"line":56,"column":1},"end":{"line":56,"column":24}}},"3":{"name":"isArray","line":64,"loc":{"start":{"line":64,"column":1},"end":{"line":64,"column":23}}},"4":{"name":"isObject","line":71,"loc":{"start":{"line":71,"column":1},"end":{"line":71,"column":24}}},"5":{"name":"defaults","line":80,"loc":{"start":{"line":80,"column":1},"end":{"line":80,"column":33}}},"6":{"name":"map","line":100,"loc":{"start":{"line":100,"column":1},"end":{"line":100,"column":38}}},"7":{"name":"checkPrecision","line":118,"loc":{"start":{"line":118,"column":1},"end":{"line":118,"column":36}}},"8":{"name":"checkCurrencyFormat","line":133,"loc":{"start":{"line":133,"column":1},"end":{"line":133,"column":38}}},"9":{"name":"(anonymous_9)","line":179,"loc":{"start":{"line":179,"column":43},"end":{"line":179,"column":68}}},"10":{"name":"(anonymous_10)","line":182,"loc":{"start":{"line":182,"column":21},"end":{"line":182,"column":35}}},"11":{"name":"(anonymous_11)","line":216,"loc":{"start":{"line":216,"column":29},"end":{"line":216,"column":56}}},"12":{"name":"(anonymous_12)","line":232,"loc":{"start":{"line":232,"column":52},"end":{"line":232,"column":99}}},"13":{"name":"(anonymous_13)","line":235,"loc":{"start":{"line":235,"column":22},"end":{"line":235,"column":36}}},"14":{"name":"(anonymous_14)","line":277,"loc":{"start":{"line":277,"column":37},"end":{"line":277,"column":100}}},"15":{"name":"(anonymous_15)","line":280,"loc":{"start":{"line":280,"column":22},"end":{"line":280,"column":35}}},"16":{"name":"(anonymous_16)","line":323,"loc":{"start":{"line":323,"column":20},"end":{"line":323,"column":81}}},"17":{"name":"(anonymous_17)","line":348,"loc":{"start":{"line":348,"column":25},"end":{"line":348,"column":42}}},"18":{"name":"(anonymous_18)","line":368,"loc":{"start":{"line":368,"column":24},"end":{"line":368,"column":41}}},"19":{"name":"(anonymous_19)","line":390,"loc":{"start":{"line":390,"column":13},"end":{"line":390,"column":24}}},"20":{"name":"(anonymous_20)","line":397,"loc":{"start":{"line":397,"column":20},"end":{"line":397,"column":44}}},"21":{"name":"(anonymous_21)","line":398,"loc":{"start":{"line":398,"column":10},"end":{"line":398,"column":21}}}},"statementMap":{"1":{"start":{"line":12,"column":0},"end":{"line":413,"column":9}},"2":{"start":{"line":17,"column":1},"end":{"line":17,"column":14}},"3":{"start":{"line":20,"column":1},"end":{"line":20,"column":23}},"4":{"start":{"line":27,"column":1},"end":{"line":42,"column":3}},"5":{"start":{"line":48,"column":1},"end":{"line":50,"column":39}},"6":{"start":{"line":56,"column":1},"end":{"line":58,"column":2}},"7":{"start":{"line":57,"column":2},"end":{"line":57,"column":65}},"8":{"start":{"line":64,"column":1},"end":{"line":66,"column":2}},"9":{"start":{"line":65,"column":2},"end":{"line":65,"column":86}},"10":{"start":{"line":71,"column":1},"end":{"line":73,"column":2}},"11":{"start":{"line":72,"column":2},"end":{"line":72,"column":57}},"12":{"start":{"line":80,"column":1},"end":{"line":92,"column":2}},"13":{"start":{"line":81,"column":2},"end":{"line":81,"column":10}},"14":{"start":{"line":82,"column":2},"end":{"line":82,"column":24}},"15":{"start":{"line":83,"column":2},"end":{"line":83,"column":20}},"16":{"start":{"line":85,"column":2},"end":{"line":90,"column":3}},"17":{"start":{"line":86,"column":3},"end":{"line":89,"column":4}},"18":{"start":{"line":88,"column":4},"end":{"line":88,"column":53}},"19":{"start":{"line":88,"column":29},"end":{"line":88,"column":53}},"20":{"start":{"line":91,"column":2},"end":{"line":91,"column":16}},"21":{"start":{"line":100,"column":1},"end":{"line":113,"column":2}},"22":{"start":{"line":101,"column":2},"end":{"line":101,"column":25}},"23":{"start":{"line":103,"column":2},"end":{"line":103,"column":27}},"24":{"start":{"line":103,"column":12},"end":{"line":103,"column":27}},"25":{"start":{"line":106,"column":2},"end":{"line":106,"column":76}},"26":{"start":{"line":106,"column":42},"end":{"line":106,"column":76}},"27":{"start":{"line":109,"column":2},"end":{"line":111,"column":3}},"28":{"start":{"line":110,"column":3},"end":{"line":110,"column":55}},"29":{"start":{"line":112,"column":2},"end":{"line":112,"column":17}},"30":{"start":{"line":118,"column":1},"end":{"line":121,"column":2}},"31":{"start":{"line":119,"column":2},"end":{"line":119,"column":34}},"32":{"start":{"line":120,"column":2},"end":{"line":120,"column":32}},"33":{"start":{"line":133,"column":1},"end":{"line":162,"column":2}},"34":{"start":{"line":134,"column":2},"end":{"line":134,"column":46}},"35":{"start":{"line":137,"column":2},"end":{"line":137,"column":56}},"36":{"start":{"line":137,"column":38},"end":{"line":137,"column":56}},"37":{"start":{"line":140,"column":2},"end":{"line":159,"column":3}},"38":{"start":{"line":143,"column":3},"end":{"line":147,"column":5}},"39":{"start":{"line":150,"column":9},"end":{"line":159,"column":3}},"40":{"start":{"line":153,"column":3},"end":{"line":157,"column":5}},"41":{"start":{"line":161,"column":2},"end":{"line":161,"column":16}},"42":{"start":{"line":179,"column":1},"end":{"line":207,"column":3}},"43":{"start":{"line":181,"column":2},"end":{"line":185,"column":3}},"44":{"start":{"line":182,"column":3},"end":{"line":184,"column":6}},"45":{"start":{"line":183,"column":4},"end":{"line":183,"column":34}},"46":{"start":{"line":188,"column":2},"end":{"line":188,"column":21}},"47":{"start":{"line":191,"column":2},"end":{"line":191,"column":46}},"48":{"start":{"line":191,"column":33},"end":{"line":191,"column":46}},"49":{"start":{"line":194,"column":2},"end":{"line":194,"column":51}},"50":{"start":{"line":197,"column":2},"end":{"line":203,"column":5}},"51":{"start":{"line":206,"column":2},"end":{"line":206,"column":47}},"52":{"start":{"line":216,"column":1},"end":{"line":222,"column":3}},"53":{"start":{"line":217,"column":2},"end":{"line":217,"column":71}},"54":{"start":{"line":218,"column":2},"end":{"line":218,"column":38}},"55":{"start":{"line":221,"column":2},"end":{"line":221,"column":78}},"56":{"start":{"line":232,"column":1},"end":{"line":263,"column":3}},"57":{"start":{"line":234,"column":2},"end":{"line":238,"column":3}},"58":{"start":{"line":235,"column":3},"end":{"line":237,"column":6}},"59":{"start":{"line":236,"column":4},"end":{"line":236,"column":59}},"60":{"start":{"line":241,"column":2},"end":{"line":241,"column":28}},"61":{"start":{"line":244,"column":2},"end":{"line":259,"column":47}},"62":{"start":{"line":262,"column":2},"end":{"line":262,"column":229}},"63":{"start":{"line":277,"column":1},"end":{"line":308,"column":3}},"64":{"start":{"line":279,"column":2},"end":{"line":283,"column":3}},"65":{"start":{"line":280,"column":3},"end":{"line":282,"column":6}},"66":{"start":{"line":281,"column":4},"end":{"line":281,"column":74}},"67":{"start":{"line":286,"column":2},"end":{"line":286,"column":28}},"68":{"start":{"line":289,"column":2},"end":{"line":304,"column":82}},"69":{"start":{"line":307,"column":2},"end":{"line":307,"column":153}},"70":{"start":{"line":323,"column":1},"end":{"line":376,"column":3}},"71":{"start":{"line":324,"column":2},"end":{"line":324,"column":23}},"72":{"start":{"line":324,"column":13},"end":{"line":324,"column":23}},"73":{"start":{"line":327,"column":2},"end":{"line":365,"column":6}},"74":{"start":{"line":349,"column":4},"end":{"line":364,"column":5}},"75":{"start":{"line":351,"column":5},"end":{"line":351,"column":40}},"76":{"start":{"line":354,"column":5},"end":{"line":354,"column":25}},"77":{"start":{"line":357,"column":5},"end":{"line":360,"column":154}},"78":{"start":{"line":362,"column":5},"end":{"line":362,"column":58}},"79":{"start":{"line":362,"column":34},"end":{"line":362,"column":58}},"80":{"start":{"line":363,"column":5},"end":{"line":363,"column":17}},"81":{"start":{"line":368,"column":2},"end":{"line":375,"column":5}},"82":{"start":{"line":370,"column":3},"end":{"line":373,"column":4}},"83":{"start":{"line":372,"column":4},"end":{"line":372,"column":174}},"84":{"start":{"line":374,"column":3},"end":{"line":374,"column":14}},"85":{"start":{"line":383,"column":1},"end":{"line":410,"column":2}},"86":{"start":{"line":384,"column":2},"end":{"line":386,"column":3}},"87":{"start":{"line":385,"column":3},"end":{"line":385,"column":34}},"88":{"start":{"line":387,"column":2},"end":{"line":387,"column":27}},"89":{"start":{"line":388,"column":8},"end":{"line":410,"column":2}},"90":{"start":{"line":390,"column":2},"end":{"line":392,"column":5}},"91":{"start":{"line":391,"column":3},"end":{"line":391,"column":14}},"92":{"start":{"line":397,"column":2},"end":{"line":406,"column":22}},"93":{"start":{"line":398,"column":3},"end":{"line":405,"column":5}},"94":{"start":{"line":400,"column":4},"end":{"line":400,"column":36}},"95":{"start":{"line":402,"column":4},"end":{"line":402,"column":31}},"96":{"start":{"line":404,"column":4},"end":{"line":404,"column":15}},"97":{"start":{"line":409,"column":2},"end":{"line":409,"column":27}}},"branchMap":{"1":{"line":57,"type":"binary-expr","locations":[{"start":{"line":57,"column":12},"end":{"line":57,"column":22}},{"start":{"line":57,"column":27},"end":{"line":57,"column":30}},{"start":{"line":57,"column":34},"end":{"line":57,"column":48}},{"start":{"line":57,"column":52},"end":{"line":57,"column":62}}]},"2":{"line":65,"type":"cond-expr","locations":[{"start":{"line":65,"column":25},"end":{"line":65,"column":43}},{"start":{"line":65,"column":46},"end":{"line":65,"column":85}}]},"3":{"line":72,"type":"binary-expr","locations":[{"start":{"line":72,"column":9},"end":{"line":72,"column":12}},{"start":{"line":72,"column":16},"end":{"line":72,"column":56}}]},"4":{"line":82,"type":"binary-expr","locations":[{"start":{"line":82,"column":11},"end":{"line":82,"column":17}},{"start":{"line":82,"column":21},"end":{"line":82,"column":23}}]},"5":{"line":83,"type":"binary-expr","locations":[{"start":{"line":83,"column":9},"end":{"line":83,"column":13}},{"start":{"line":83,"column":17},"end":{"line":83,"column":19}}]},"6":{"line":86,"type":"if","locations":[{"start":{"line":86,"column":3},"end":{"line":86,"column":3}},{"start":{"line":86,"column":3},"end":{"line":86,"column":3}}]},"7":{"line":88,"type":"if","locations":[{"start":{"line":88,"column":4},"end":{"line":88,"column":4}},{"start":{"line":88,"column":4},"end":{"line":88,"column":4}}]},"8":{"line":103,"type":"if","locations":[{"start":{"line":103,"column":2},"end":{"line":103,"column":2}},{"start":{"line":103,"column":2},"end":{"line":103,"column":2}}]},"9":{"line":106,"type":"if","locations":[{"start":{"line":106,"column":2},"end":{"line":106,"column":2}},{"start":{"line":106,"column":2},"end":{"line":106,"column":2}}]},"10":{"line":106,"type":"binary-expr","locations":[{"start":{"line":106,"column":6},"end":{"line":106,"column":15}},{"start":{"line":106,"column":19},"end":{"line":106,"column":40}}]},"11":{"line":120,"type":"cond-expr","locations":[{"start":{"line":120,"column":21},"end":{"line":120,"column":25}},{"start":{"line":120,"column":28},"end":{"line":120,"column":31}}]},"12":{"line":137,"type":"if","locations":[{"start":{"line":137,"column":2},"end":{"line":137,"column":2}},{"start":{"line":137,"column":2},"end":{"line":137,"column":2}}]},"13":{"line":140,"type":"if","locations":[{"start":{"line":140,"column":2},"end":{"line":140,"column":2}},{"start":{"line":140,"column":2},"end":{"line":140,"column":2}}]},"14":{"line":140,"type":"binary-expr","locations":[{"start":{"line":140,"column":7},"end":{"line":140,"column":25}},{"start":{"line":140,"column":29},"end":{"line":140,"column":47}}]},"15":{"line":150,"type":"if","locations":[{"start":{"line":150,"column":9},"end":{"line":150,"column":9}},{"start":{"line":150,"column":9},"end":{"line":150,"column":9}}]},"16":{"line":150,"type":"binary-expr","locations":[{"start":{"line":150,"column":14},"end":{"line":150,"column":21}},{"start":{"line":150,"column":25},"end":{"line":150,"column":36}},{"start":{"line":150,"column":40},"end":{"line":150,"column":63}}]},"17":{"line":153,"type":"cond-expr","locations":[{"start":{"line":153,"column":38},"end":{"line":153,"column":46}},{"start":{"line":153,"column":49},"end":{"line":157,"column":4}}]},"18":{"line":181,"type":"if","locations":[{"start":{"line":181,"column":2},"end":{"line":181,"column":2}},{"start":{"line":181,"column":2},"end":{"line":181,"column":2}}]},"19":{"line":188,"type":"binary-expr","locations":[{"start":{"line":188,"column":10},"end":{"line":188,"column":15}},{"start":{"line":188,"column":19},"end":{"line":188,"column":20}}]},"20":{"line":191,"type":"if","locations":[{"start":{"line":191,"column":2},"end":{"line":191,"column":2}},{"start":{"line":191,"column":2},"end":{"line":191,"column":2}}]},"21":{"line":194,"type":"binary-expr","locations":[{"start":{"line":194,"column":12},"end":{"line":194,"column":19}},{"start":{"line":194,"column":23},"end":{"line":194,"column":50}}]},"22":{"line":206,"type":"cond-expr","locations":[{"start":{"line":206,"column":31},"end":{"line":206,"column":42}},{"start":{"line":206,"column":45},"end":{"line":206,"column":46}}]},"23":{"line":234,"type":"if","locations":[{"start":{"line":234,"column":2},"end":{"line":234,"column":2}},{"start":{"line":234,"column":2},"end":{"line":234,"column":2}}]},"24":{"line":245,"type":"cond-expr","locations":[{"start":{"line":245,"column":27},"end":{"line":245,"column":36}},{"start":{"line":245,"column":39},"end":{"line":249,"column":5}}]},"25":{"line":257,"type":"cond-expr","locations":[{"start":{"line":257,"column":27},"end":{"line":257,"column":30}},{"start":{"line":257,"column":33},"end":{"line":257,"column":35}}]},"26":{"line":258,"type":"binary-expr","locations":[{"start":{"line":258,"column":36},"end":{"line":258,"column":42}},{"start":{"line":258,"column":46},"end":{"line":258,"column":47}}]},"27":{"line":259,"type":"cond-expr","locations":[{"start":{"line":259,"column":27},"end":{"line":259,"column":42}},{"start":{"line":259,"column":45},"end":{"line":259,"column":46}}]},"28":{"line":262,"type":"cond-expr","locations":[{"start":{"line":262,"column":27},"end":{"line":262,"column":62}},{"start":{"line":262,"column":65},"end":{"line":262,"column":67}}]},"29":{"line":262,"type":"cond-expr","locations":[{"start":{"line":262,"column":154},"end":{"line":262,"column":222}},{"start":{"line":262,"column":225},"end":{"line":262,"column":227}}]},"30":{"line":279,"type":"if","locations":[{"start":{"line":279,"column":2},"end":{"line":279,"column":2}},{"start":{"line":279,"column":2},"end":{"line":279,"column":2}}]},"31":{"line":290,"type":"cond-expr","locations":[{"start":{"line":290,"column":24},"end":{"line":290,"column":30}},{"start":{"line":290,"column":33},"end":{"line":296,"column":5}}]},"32":{"line":304,"type":"cond-expr","locations":[{"start":{"line":304,"column":28},"end":{"line":304,"column":39}},{"start":{"line":304,"column":42},"end":{"line":304,"column":81}}]},"33":{"line":304,"type":"cond-expr","locations":[{"start":{"line":304,"column":55},"end":{"line":304,"column":66}},{"start":{"line":304,"column":69},"end":{"line":304,"column":81}}]},"34":{"line":324,"type":"if","locations":[{"start":{"line":324,"column":2},"end":{"line":324,"column":2}},{"start":{"line":324,"column":2},"end":{"line":324,"column":2}}]},"35":{"line":328,"type":"cond-expr","locations":[{"start":{"line":328,"column":24},"end":{"line":328,"column":30}},{"start":{"line":328,"column":33},"end":{"line":334,"column":5}}]},"36":{"line":342,"type":"cond-expr","locations":[{"start":{"line":342,"column":76},"end":{"line":342,"column":80}},{"start":{"line":342,"column":83},"end":{"line":342,"column":88}}]},"37":{"line":349,"type":"if","locations":[{"start":{"line":349,"column":4},"end":{"line":349,"column":4}},{"start":{"line":349,"column":4},"end":{"line":349,"column":4}}]},"38":{"line":357,"type":"cond-expr","locations":[{"start":{"line":357,"column":31},"end":{"line":357,"column":42}},{"start":{"line":357,"column":45},"end":{"line":357,"column":81}}]},"39":{"line":357,"type":"cond-expr","locations":[{"start":{"line":357,"column":55},"end":{"line":357,"column":66}},{"start":{"line":357,"column":69},"end":{"line":357,"column":81}}]},"40":{"line":362,"type":"if","locations":[{"start":{"line":362,"column":5},"end":{"line":362,"column":5}},{"start":{"line":362,"column":5},"end":{"line":362,"column":5}}]},"41":{"line":370,"type":"if","locations":[{"start":{"line":370,"column":3},"end":{"line":370,"column":3}},{"start":{"line":370,"column":3},"end":{"line":370,"column":3}}]},"42":{"line":370,"type":"binary-expr","locations":[{"start":{"line":370,"column":7},"end":{"line":370,"column":20}},{"start":{"line":370,"column":24},"end":{"line":370,"column":46}}]},"43":{"line":372,"type":"cond-expr","locations":[{"start":{"line":372,"column":28},"end":{"line":372,"column":115}},{"start":{"line":372,"column":118},"end":{"line":372,"column":173}}]},"44":{"line":383,"type":"if","locations":[{"start":{"line":383,"column":1},"end":{"line":383,"column":1}},{"start":{"line":383,"column":1},"end":{"line":383,"column":1}}]},"45":{"line":384,"type":"if","locations":[{"start":{"line":384,"column":2},"end":{"line":384,"column":2}},{"start":{"line":384,"column":2},"end":{"line":384,"column":2}}]},"46":{"line":384,"type":"binary-expr","locations":[{"start":{"line":384,"column":6},"end":{"line":384,"column":35}},{"start":{"line":384,"column":39},"end":{"line":384,"column":53}}]},"47":{"line":388,"type":"if","locations":[{"start":{"line":388,"column":8},"end":{"line":388,"column":8}},{"start":{"line":388,"column":8},"end":{"line":388,"column":8}}]},"48":{"line":388,"type":"binary-expr","locations":[{"start":{"line":388,"column":12},"end":{"line":388,"column":40}},{"start":{"line":388,"column":44},"end":{"line":388,"column":54}}]}},"code":["/*!"," * accounting.js v0.4.1"," * Copyright 2014 Open Exchange Rates"," *"," * Freely distributable under the MIT license."," * Portions of accounting.js are inspired or borrowed from underscore.js"," *"," * Full details and documentation:"," * http://openexchangerates.github.io/accounting.js/"," */","","(function(root, undefined) {","","\t/* --- Setup --- */","","\t// Create the local library object, to be exported or referenced globally later","\tvar lib = {};","","\t// Current version","\tlib.version = '0.4.1';","","","\t/* --- Exposed settings --- */","","\t// The library's settings configuration object. Contains default parameters for","\t// currency and number formatting","\tlib.settings = {","\t\tcurrency: {","\t\t\tsymbol : \"$\",\t\t// default currency symbol is '$'","\t\t\tformat : \"%s%v\",\t// controls output: %s = symbol, %v = value (can be object, see docs)","\t\t\tdecimal : \".\",\t\t// decimal point separator","\t\t\tthousand : \",\",\t\t// thousands separator","\t\t\tprecision : 2,\t\t// decimal places","\t\t\tgrouping : 3\t\t// digit grouping (not implemented yet)","\t\t},","\t\tnumber: {","\t\t\tprecision : 0,\t\t// default precision on numbers is 0","\t\t\tgrouping : 3,\t\t// digit grouping (not implemented yet)","\t\t\tthousand : \",\",","\t\t\tdecimal : \".\"","\t\t}","\t};","","","\t/* --- Internal Helper Methods --- */","","\t// Store reference to possibly-available ECMAScript 5 methods for later","\tvar nativeMap = Array.prototype.map,","\t\tnativeIsArray = Array.isArray,","\t\ttoString = Object.prototype.toString;","","\t/**","\t * Tests whether supplied parameter is a string","\t * from underscore.js","\t */","\tfunction isString(obj) {","\t\treturn !!(obj === '' || (obj && obj.charCodeAt && obj.substr));","\t}","","\t/**","\t * Tests whether supplied parameter is a string","\t * from underscore.js, delegates to ECMA5's native Array.isArray","\t */","\tfunction isArray(obj) {","\t\treturn nativeIsArray ? nativeIsArray(obj) : toString.call(obj) === '[object Array]';","\t}","","\t/**","\t * Tests whether supplied parameter is a true object","\t */","\tfunction isObject(obj) {","\t\treturn obj && toString.call(obj) === '[object Object]';","\t}","","\t/**","\t * Extends an object with a defaults object, similar to underscore's _.defaults","\t *","\t * Used for abstracting parameter handling from API methods","\t */","\tfunction defaults(object, defs) {","\t\tvar key;","\t\tobject = object || {};","\t\tdefs = defs || {};","\t\t// Iterate over object non-prototype properties:","\t\tfor (key in defs) {","\t\t\tif (defs.hasOwnProperty(key)) {","\t\t\t\t// Replace values with defaults only if undefined (allow empty/zero values):","\t\t\t\tif (object[key] == null) object[key] = defs[key];","\t\t\t}","\t\t}","\t\treturn object;","\t}","","\t/**","\t * Implementation of `Array.map()` for iteration loops","\t *","\t * Returns a new Array as a result of calling `iterator` on each array value.","\t * Defers to native Array.map if available","\t */","\tfunction map(obj, iterator, context) {","\t\tvar results = [], i, j;","","\t\tif (!obj) return results;","","\t\t// Use native .map method if it exists:","\t\tif (nativeMap && obj.map === nativeMap) return obj.map(iterator, context);","","\t\t// Fallback for native .map:","\t\tfor (i = 0, j = obj.length; i < j; i++ ) {","\t\t\tresults[i] = iterator.call(context, obj[i], i, obj);","\t\t}","\t\treturn results;","\t}","","\t/**","\t * Check and normalise the value of precision (must be positive integer)","\t */","\tfunction checkPrecision(val, base) {","\t\tval = Math.round(Math.abs(val));","\t\treturn isNaN(val)? base : val;","\t}","","","\t/**","\t * Parses a format string or object and returns format obj for use in rendering","\t *","\t * `format` is either a string with the default (positive) format, or object","\t * containing `pos` (required), `neg` and `zero` values (or a function returning","\t * either a string or object)","\t *","\t * Either string or format.pos must contain \"%v\" (value) to be valid","\t */","\tfunction checkCurrencyFormat(format) {","\t\tvar defaults = lib.settings.currency.format;","","\t\t// Allow function as format parameter (should return string or object):","\t\tif ( typeof format === \"function\" ) format = format();","","\t\t// Format can be a string, in which case `value` (\"%v\") must be present:","\t\tif ( isString( format ) && format.match(\"%v\") ) {","","\t\t\t// Create and return positive, negative and zero formats:","\t\t\treturn {","\t\t\t\tpos : format,","\t\t\t\tneg : format.replace(\"-\", \"\").replace(\"%v\", \"-%v\"),","\t\t\t\tzero : format","\t\t\t};","","\t\t// If no format, or object is missing valid positive value, use defaults:","\t\t} else if ( !format || !format.pos || !format.pos.match(\"%v\") ) {","","\t\t\t// If defaults is a string, casts it to an object for faster checking next time:","\t\t\treturn ( !isString( defaults ) ) ? defaults : lib.settings.currency.format = {","\t\t\t\tpos : defaults,","\t\t\t\tneg : defaults.replace(\"%v\", \"-%v\"),","\t\t\t\tzero : defaults","\t\t\t};","","\t\t}","\t\t// Otherwise, assume format was fine:","\t\treturn format;","\t}","","","\t/* --- API Methods --- */","","\t/**","\t * Takes a string/array of strings, removes all formatting/cruft and returns the raw float value","\t * Alias: `accounting.parse(string)`","\t *","\t * Decimal must be included in the regular expression to match floats (defaults to","\t * accounting.settings.number.decimal), so if the number uses a non-standard decimal ","\t * separator, provide it as the second argument.","\t *","\t * Also matches bracketed negatives (eg. \"$ (1.99)\" => -1.99)","\t *","\t * Doesn't throw any errors (`NaN`s become 0) but this may change in future","\t */","\tvar unformat = lib.unformat = lib.parse = function(value, decimal) {","\t\t// Recursively unformat arrays:","\t\tif (isArray(value)) {","\t\t\treturn map(value, function(val) {","\t\t\t\treturn unformat(val, decimal);","\t\t\t});","\t\t}","","\t\t// Fails silently (need decent errors):","\t\tvalue = value || 0;","","\t\t// Return the value as-is if it's already a number:","\t\tif (typeof value === \"number\") return value;","","\t\t// Default decimal point comes from settings, but could be set to eg. \",\" in opts:","\t\tdecimal = decimal || lib.settings.number.decimal;","","\t\t // Build regex to strip out everything except digits, decimal point and minus sign:","\t\tvar regex = new RegExp(\"[^0-9-\" + decimal + \"]\", [\"g\"]),","\t\t\tunformatted = parseFloat(","\t\t\t\t(\"\" + value)","\t\t\t\t.replace(/\\((.*)\\)/, \"-$1\") // replace bracketed values with negatives","\t\t\t\t.replace(regex, '')         // strip out any cruft","\t\t\t\t.replace(decimal, '.')      // make sure decimal point is standard","\t\t\t);","","\t\t// This will fail silently which may cause trouble, let's wait and see:","\t\treturn !isNaN(unformatted) ? unformatted : 0;","\t};","","","\t/**","\t * Implementation of toFixed() that treats floats more like decimals","\t *","\t * Fixes binary rounding issues (eg. (0.615).toFixed(2) === \"0.61\") that present","\t * problems for accounting- and finance-related software.","\t */","\tvar toFixed = lib.toFixed = function(value, precision) {","\t\tprecision = checkPrecision(precision, lib.settings.number.precision);","\t\tvar power = Math.pow(10, precision);","","\t\t// Multiply up by precision, round accurately, then divide and use native toFixed():","\t\treturn (Math.round(lib.unformat(value) * power) / power).toFixed(precision);","\t};","","","\t/**","\t * Format a number, with comma-separated thousands and custom precision/decimal places","\t * Alias: `accounting.format()`","\t *","\t * Localise by overriding the precision and thousand / decimal separators","\t * 2nd parameter `precision` can be an object matching `settings.number`","\t */","\tvar formatNumber = lib.formatNumber = lib.format = function(number, precision, thousand, decimal) {","\t\t// Resursively format arrays:","\t\tif (isArray(number)) {","\t\t\treturn map(number, function(val) {","\t\t\t\treturn formatNumber(val, precision, thousand, decimal);","\t\t\t});","\t\t}","","\t\t// Clean up number:","\t\tnumber = unformat(number);","","\t\t// Build options object from second param (if object) or all params, extending defaults:","\t\tvar opts = defaults(","\t\t\t\t(isObject(precision) ? precision : {","\t\t\t\t\tprecision : precision,","\t\t\t\t\tthousand : thousand,","\t\t\t\t\tdecimal : decimal","\t\t\t\t}),","\t\t\t\tlib.settings.number","\t\t\t),","","\t\t\t// Clean up precision","\t\t\tusePrecision = checkPrecision(opts.precision),","","\t\t\t// Do some calc:","\t\t\tnegative = number < 0 ? \"-\" : \"\",","\t\t\tbase = parseInt(toFixed(Math.abs(number || 0), usePrecision), 10) + \"\",","\t\t\tmod = base.length > 3 ? base.length % 3 : 0;","","\t\t// Format the number:","\t\treturn negative + (mod ? base.substr(0, mod) + opts.thousand : \"\") + base.substr(mod).replace(/(\\d{3})(?=\\d)/g, \"$1\" + opts.thousand) + (usePrecision ? opts.decimal + toFixed(Math.abs(number), usePrecision).split('.')[1] : \"\");","\t};","","","\t/**","\t * Format a number into currency","\t *","\t * Usage: accounting.formatMoney(number, symbol, precision, thousandsSep, decimalSep, format)","\t * defaults: (0, \"$\", 2, \",\", \".\", \"%s%v\")","\t *","\t * Localise by overriding the symbol, precision, thousand / decimal separators and format","\t * Second param can be an object matching `settings.currency` which is the easiest way.","\t *","\t * To do: tidy up the parameters","\t */","\tvar formatMoney = lib.formatMoney = function(number, symbol, precision, thousand, decimal, format) {","\t\t// Resursively format arrays:","\t\tif (isArray(number)) {","\t\t\treturn map(number, function(val){","\t\t\t\treturn formatMoney(val, symbol, precision, thousand, decimal, format);","\t\t\t});","\t\t}","","\t\t// Clean up number:","\t\tnumber = unformat(number);","","\t\t// Build options object from second param (if object) or all params, extending defaults:","\t\tvar opts = defaults(","\t\t\t\t(isObject(symbol) ? symbol : {","\t\t\t\t\tsymbol : symbol,","\t\t\t\t\tprecision : precision,","\t\t\t\t\tthousand : thousand,","\t\t\t\t\tdecimal : decimal,","\t\t\t\t\tformat : format","\t\t\t\t}),","\t\t\t\tlib.settings.currency","\t\t\t),","","\t\t\t// Check format (returns object with pos, neg and zero):","\t\t\tformats = checkCurrencyFormat(opts.format),","","\t\t\t// Choose which format to use for this value:","\t\t\tu
[...]
n":465}},{"start":{"line":16,"column":468},"end":{"line":16,"column":487}}]},"101":{"line":17,"type":"binary-expr","locations":[{"start":{"line":17,"column":125},"end":{"line":17,"column":128}},{"start":{"line":17,"column":131},"end":{"line":17,"column":206}}]},"102":{"line":17,"type":"binary-expr","locations":[{"start":{"line":17,"column":212},"end":{"line":17,"column":216}},{"start":{"line":17,"column":219},"end":{"line":17,"column":223}}]},"103":{"line":17,"type":"binary-expr","locations":[{"start":{"line":17,"column":225},"end":{"line":17,"column":229}},{"start":{"line":17,"column":232},"end":{"line":17,"column":236}}]},"104":{"line":17,"type":"binary-expr","locations":[{"start":{"line":17,"column":248},"end":{"line":17,"column":266}},{"start":{"line":17,"column":268},"end":{"line":17,"column":301}}]},"105":{"line":17,"type":"cond-expr","locations":[{"start":{"line":17,"column":291},"end":{"line":17,"column":298}},{"start":{"line":17,"column":299},"end":{"line":17,"column":300}}]},"106":{"line":17,"type":"binary-expr","locations":[{"start":{"line":17,"column":280},"end":{"line":17,"column":281}},{"start":{"line":17,"column":283},"end":{"line":17,"column":290}}]},"107":{"line":25,"type":"binary-expr","locations":[{"start":{"line":25,"column":235},"end":{"line":25,"column":236}},{"start":{"line":25,"column":238},"end":{"line":25,"column":244}}]},"108":{"line":25,"type":"binary-expr","locations":[{"start":{"line":25,"column":391},"end":{"line":25,"column":401}},{"start":{"line":25,"column":403},"end":{"line":25,"column":412}}]},"109":{"line":25,"type":"if","locations":[{"start":{"line":25,"column":443},"end":{"line":25,"column":443}},{"start":{"line":25,"column":443},"end":{"line":25,"column":443}}]},"110":{"line":25,"type":"if","locations":[{"start":{"line":25,"column":496},"end":{"line":25,"column":496}},{"start":{"line":25,"column":496},"end":{"line":25,"column":496}}]},"111":{"line":26,"type":"cond-expr","locations":[{"start":{"line":26,"column":83},"end":{"line":26,"column":88}},{"start":{"line":26,"column":89},"end":{"line":26,"column":120}}]},"112":{"line":26,"type":"cond-expr","locations":[{"start":{"line":26,"column":85},"end":{"line":26,"column":86}},{"start":{"line":26,"column":87},"end":{"line":26,"column":88}}]},"113":{"line":26,"type":"cond-expr","locations":[{"start":{"line":26,"column":95},"end":{"line":26,"column":118}},{"start":{"line":26,"column":119},"end":{"line":26,"column":120}}]},"114":{"line":26,"type":"cond-expr","locations":[{"start":{"line":26,"column":115},"end":{"line":26,"column":116}},{"start":{"line":26,"column":117},"end":{"line":26,"column":118}}]},"115":{"line":26,"type":"binary-expr","locations":[{"start":{"line":26,"column":124},"end":{"line":26,"column":140}},{"start":{"line":26,"column":143},"end":{"line":26,"column":161}}]},"116":{"line":26,"type":"cond-expr","locations":[{"start":{"line":26,"column":132},"end":{"line":26,"column":138}},{"start":{"line":26,"column":139},"end":{"line":26,"column":140}}]},"117":{"line":26,"type":"binary-expr","locations":[{"start":{"line":26,"column":162},"end":{"line":26,"column":163}},{"start":{"line":26,"column":166},"end":{"line":26,"column":188}}]},"118":{"line":26,"type":"binary-expr","locations":[{"start":{"line":26,"column":190},"end":{"line":26,"column":191}},{"start":{"line":26,"column":194},"end":{"line":26,"column":200}}]},"119":{"line":26,"type":"if","locations":[{"start":{"line":26,"column":243},"end":{"line":26,"column":243}},{"start":{"line":26,"column":243},"end":{"line":26,"column":243}}]},"120":{"line":26,"type":"binary-expr","locations":[{"start":{"line":26,"column":247},"end":{"line":26,"column":264}},{"start":{"line":26,"column":266},"end":{"line":26,"column":284}},{"start":{"line":26,"column":286},"end":{"line":26,"column":303}},{"start":{"line":26,"column":306},"end":{"line":26,"column":317}},{"start":{"line":26,"column":319},"end":{"line":26,"column":356}}]},"121":{"line":26,"type":"binary-expr","locations":[{"start":{"line":26,"column":369},"end":{"line":26,"column":370}},{"start":{"line":26,"column":373},"end":{"line":26,"column":484}}]},"122":{"line":26,"type":"binary-expr","locations":[{"start":{"line":26,"column":374},"end":{"line":26,"column":454}},{"start":{"line":26,"column":457},"end":{"line":26,"column":463}}]},"123":{"line":26,"type":"cond-expr","locations":[{"start":{"line":26,"column":425},"end":{"line":26,"column":451}},{"start":{"line":26,"column":452},"end":{"line":26,"column":454}}]},"124":{"line":26,"type":"cond-expr","locations":[{"start":{"line":26,"column":443},"end":{"line":26,"column":448}},{"start":{"line":26,"column":449},"end":{"line":26,"column":451}}]},"125":{"line":26,"type":"binary-expr","locations":[{"start":{"line":26,"column":425},"end":{"line":26,"column":429}},{"start":{"line":26,"column":431},"end":{"line":26,"column":442}}]},"126":{"line":26,"type":"cond-expr","locations":[{"start":{"line":26,"column":498},"end":{"line":27,"column":4}},{"start":{"line":27,"column":5},"end":{"line":27,"column":11}}]},"127":{"line":27,"type":"binary-expr","locations":[{"start":{"line":27,"column":5},"end":{"line":27,"column":6}},{"start":{"line":27,"column":8},"end":{"line":27,"column":11}}]},"128":{"line":27,"type":"binary-expr","locations":[{"start":{"line":27,"column":225},"end":{"line":27,"column":230}},{"start":{"line":27,"column":233},"end":{"line":27,"column":268}}]}},"code":["var q=null;window.PR_SHOULD_USE_CONTINUATION=!0;","(function(){function L(a){function m(a){var f=a.charCodeAt(0);if(f!==92)return f;var b=a.charAt(1);return(f=r[b])?f:\"0\"<=b&&b<=\"7\"?parseInt(a.substring(1),8):b===\"u\"||b===\"x\"?parseInt(a.substring(2),16):a.charCodeAt(1)}function e(a){if(a<32)return(a<16?\"\\\\x0\":\"\\\\x\")+a.toString(16);a=String.fromCharCode(a);if(a===\"\\\\\"||a===\"-\"||a===\"[\"||a===\"]\")a=\"\\\\\"+a;return a}function h(a){for(var f=a.substring(1,a.length-1).match(/\\\\u[\\dA-Fa-f]{4}|\\\\x[\\dA-Fa-f]{2}|\\\\[0-3][0-7]{0,2}|\\\\[0-7]{1,2}|\\\\[\\S\\s]|[^\\\\]/g),a=","[],b=[],o=f[0]===\"^\",c=o?1:0,i=f.length;c<i;++c){var j=f[c];if(/\\\\[bdsw]/i.test(j))a.push(j);else{var j=m(j),d;c+2<i&&\"-\"===f[c+1]?(d=m(f[c+2]),c+=2):d=j;b.push([j,d]);d<65||j>122||(d<65||j>90||b.push([Math.max(65,j)|32,Math.min(d,90)|32]),d<97||j>122||b.push([Math.max(97,j)&-33,Math.min(d,122)&-33]))}}b.sort(function(a,f){return a[0]-f[0]||f[1]-a[1]});f=[];j=[NaN,NaN];for(c=0;c<b.length;++c)i=b[c],i[0]<=j[1]+1?j[1]=Math.max(j[1],i[1]):f.push(j=i);b=[\"[\"];o&&b.push(\"^\");b.push.apply(b,a);for(c=0;c<","f.length;++c)i=f[c],b.push(e(i[0])),i[1]>i[0]&&(i[1]+1>i[0]&&b.push(\"-\"),b.push(e(i[1])));b.push(\"]\");return b.join(\"\")}function y(a){for(var f=a.source.match(/\\[(?:[^\\\\\\]]|\\\\[\\S\\s])*]|\\\\u[\\dA-Fa-f]{4}|\\\\x[\\dA-Fa-f]{2}|\\\\\\d+|\\\\[^\\dux]|\\(\\?[!:=]|[()^]|[^()[\\\\^]+/g),b=f.length,d=[],c=0,i=0;c<b;++c){var j=f[c];j===\"(\"?++i:\"\\\\\"===j.charAt(0)&&(j=+j.substring(1))&&j<=i&&(d[j]=-1)}for(c=1;c<d.length;++c)-1===d[c]&&(d[c]=++t);for(i=c=0;c<b;++c)j=f[c],j===\"(\"?(++i,d[i]===void 0&&(f[c]=\"(?:\")):\"\\\\\"===j.charAt(0)&&","(j=+j.substring(1))&&j<=i&&(f[c]=\"\\\\\"+d[i]);for(i=c=0;c<b;++c)\"^\"===f[c]&&\"^\"!==f[c+1]&&(f[c]=\"\");if(a.ignoreCase&&s)for(c=0;c<b;++c)j=f[c],a=j.charAt(0),j.length>=2&&a===\"[\"?f[c]=h(j):a!==\"\\\\\"&&(f[c]=j.replace(/[A-Za-z]/g,function(a){a=a.charCodeAt(0);return\"[\"+String.fromCharCode(a&-33,a|32)+\"]\"}));return f.join(\"\")}for(var t=0,s=!1,l=!1,p=0,d=a.length;p<d;++p){var g=a[p];if(g.ignoreCase)l=!0;else if(/[a-z]/i.test(g.source.replace(/\\\\u[\\da-f]{4}|\\\\x[\\da-f]{2}|\\\\[^UXux]/gi,\"\"))){s=!0;l=!1;break}}for(var r=","{b:8,t:9,n:10,v:11,f:12,r:13},n=[],p=0,d=a.length;p<d;++p){g=a[p];if(g.global||g.multiline)throw Error(\"\"+g);n.push(\"(?:\"+y(g)+\")\")}return RegExp(n.join(\"|\"),l?\"gi\":\"g\")}function M(a){function m(a){switch(a.nodeType){case 1:if(e.test(a.className))break;for(var g=a.firstChild;g;g=g.nextSibling)m(g);g=a.nodeName;if(\"BR\"===g||\"LI\"===g)h[s]=\"\\n\",t[s<<1]=y++,t[s++<<1|1]=a;break;case 3:case 4:g=a.nodeValue,g.length&&(g=p?g.replace(/\\r\\n?/g,\"\\n\"):g.replace(/[\\t\\n\\r ]+/g,\" \"),h[s]=g,t[s<<1]=y,y+=g.length,","t[s++<<1|1]=a)}}var e=/(?:^|\\s)nocode(?:\\s|$)/,h=[],y=0,t=[],s=0,l;a.currentStyle?l=a.currentStyle.whiteSpace:window.getComputedStyle&&(l=document.defaultView.getComputedStyle(a,q).getPropertyValue(\"white-space\"));var p=l&&\"pre\"===l.substring(0,3);m(a);return{a:h.join(\"\").replace(/\\n$/,\"\"),c:t}}function B(a,m,e,h){m&&(a={a:m,d:a},e(a),h.push.apply(h,a.e))}function x(a,m){function e(a){for(var l=a.d,p=[l,\"pln\"],d=0,g=a.a.match(y)||[],r={},n=0,z=g.length;n<z;++n){var f=g[n],b=r[f],o=void 0,c;if(typeof b===","\"string\")c=!1;else{var i=h[f.charAt(0)];if(i)o=f.match(i[1]),b=i[0];else{for(c=0;c<t;++c)if(i=m[c],o=f.match(i[1])){b=i[0];break}o||(b=\"pln\")}if((c=b.length>=5&&\"lang-\"===b.substring(0,5))&&!(o&&typeof o[1]===\"string\"))c=!1,b=\"src\";c||(r[f]=b)}i=d;d+=f.length;if(c){c=o[1];var j=f.indexOf(c),k=j+c.length;o[2]&&(k=f.length-o[2].length,j=k-c.length);b=b.substring(5);B(l+i,f.substring(0,j),e,p);B(l+i+j,c,C(b,c),p);B(l+i+k,f.substring(k),e,p)}else p.push(l+i,b)}a.e=p}var h={},y;(function(){for(var e=a.concat(m),","l=[],p={},d=0,g=e.length;d<g;++d){var r=e[d],n=r[3];if(n)for(var k=n.length;--k>=0;)h[n.charAt(k)]=r;r=r[1];n=\"\"+r;p.hasOwnProperty(n)||(l.push(r),p[n]=q)}l.push(/[\\S\\s]/);y=L(l)})();var t=m.length;return e}function u(a){var m=[],e=[];a.tripleQuotedStrings?m.push([\"str\",/^(?:'''(?:[^'\\\\]|\\\\[\\S\\s]|''?(?=[^']))*(?:'''|$)|\"\"\"(?:[^\"\\\\]|\\\\[\\S\\s]|\"\"?(?=[^\"]))*(?:\"\"\"|$)|'(?:[^'\\\\]|\\\\[\\S\\s])*(?:'|$)|\"(?:[^\"\\\\]|\\\\[\\S\\s])*(?:\"|$))/,q,\"'\\\"\"]):a.multiLineStrings?m.push([\"str\",/^(?:'(?:[^'\\\\]|\\\\[\\S\\s])*(?:'|$)|\"(?:[^\"\\\\]|\\\\[\\S\\s])*(?:\"|$)|`(?:[^\\\\`]|\\\\[\\S\\s])*(?:`|$))/,","q,\"'\\\"`\"]):m.push([\"str\",/^(?:'(?:[^\\n\\r'\\\\]|\\\\.)*(?:'|$)|\"(?:[^\\n\\r\"\\\\]|\\\\.)*(?:\"|$))/,q,\"\\\"'\"]);a.verbatimStrings&&e.push([\"str\",/^@\"(?:[^\"]|\"\")*(?:\"|$)/,q]);var h=a.hashComments;h&&(a.cStyleComments?(h>1?m.push([\"com\",/^#(?:##(?:[^#]|#(?!##))*(?:###|$)|.*)/,q,\"#\"]):m.push([\"com\",/^#(?:(?:define|elif|else|endif|error|ifdef|include|ifndef|line|pragma|undef|warning)\\b|[^\\n\\r]*)/,q,\"#\"]),e.push([\"str\",/^<(?:(?:(?:\\.\\.\\/)*|\\/?)(?:[\\w-]+(?:\\/[\\w-]+)+)?[\\w-]+\\.h|[a-z]\\w*)>/,q])):m.push([\"com\",/^#[^\\n\\r]*/,","q,\"#\"]));a.cStyleComments&&(e.push([\"com\",/^\\/\\/[^\\n\\r]*/,q]),e.push([\"com\",/^\\/\\*[\\S\\s]*?(?:\\*\\/|$)/,q]));a.regexLiterals&&e.push([\"lang-regex\",/^(?:^^\\.?|[!+-]|!=|!==|#|%|%=|&|&&|&&=|&=|\\(|\\*|\\*=|\\+=|,|-=|->|\\/|\\/=|:|::|;|<|<<|<<=|<=|=|==|===|>|>=|>>|>>=|>>>|>>>=|[?@[^]|\\^=|\\^\\^|\\^\\^=|{|\\||\\|=|\\|\\||\\|\\|=|~|break|case|continue|delete|do|else|finally|instanceof|return|throw|try|typeof)\\s*(\\/(?=[^*/])(?:[^/[\\\\]|\\\\[\\S\\s]|\\[(?:[^\\\\\\]]|\\\\[\\S\\s])*(?:]|$))+\\/)/]);(h=a.types)&&e.push([\"typ\",h]);a=(\"\"+a.keywords).replace(/^ | $/g,","\"\");a.length&&e.push([\"kwd\",RegExp(\"^(?:\"+a.replace(/[\\s,]+/g,\"|\")+\")\\\\b\"),q]);m.push([\"pln\",/^\\s+/,q,\" \\r\\n\\t\\xa0\"]);e.push([\"lit\",/^@[$_a-z][\\w$@]*/i,q],[\"typ\",/^(?:[@_]?[A-Z]+[a-z][\\w$@]*|\\w+_t\\b)/,q],[\"pln\",/^[$_a-z][\\w$@]*/i,q],[\"lit\",/^(?:0x[\\da-f]+|(?:\\d(?:_\\d+)*\\d*(?:\\.\\d*)?|\\.\\d\\+)(?:e[+-]?\\d+)?)[a-z]*/i,q,\"0123456789\"],[\"pln\",/^\\\\[\\S\\s]?/,q],[\"pun\",/^.[^\\s\\w\"-$'./@\\\\`]*/,q]);return x(m,e)}function D(a,m){function e(a){switch(a.nodeType){case 1:if(k.test(a.className))break;if(\"BR\"===a.nodeName)h(a),","a.parentNode&&a.parentNode.removeChild(a);else for(a=a.firstChild;a;a=a.nextSibling)e(a);break;case 3:case 4:if(p){var b=a.nodeValue,d=b.match(t);if(d){var c=b.substring(0,d.index);a.nodeValue=c;(b=b.substring(d.index+d[0].length))&&a.parentNode.insertBefore(s.createTextNode(b),a.nextSibling);h(a);c||a.parentNode.removeChild(a)}}}}function h(a){function b(a,d){var e=d?a.cloneNode(!1):a,f=a.parentNode;if(f){var f=b(f,1),g=a.nextSibling;f.appendChild(e);for(var h=g;h;h=g)g=h.nextSibling,f.appendChild(h)}return e}","for(;!a.nextSibling;)if(a=a.parentNode,!a)return;for(var a=b(a.nextSibling,0),e;(e=a.parentNode)&&e.nodeType===1;)a=e;d.push(a)}var k=/(?:^|\\s)nocode(?:\\s|$)/,t=/\\r\\n?|\\n/,s=a.ownerDocument,l;a.currentStyle?l=a.currentStyle.whiteSpace:window.getComputedStyle&&(l=s.defaultView.getComputedStyle(a,q).getPropertyValue(\"white-space\"));var p=l&&\"pre\"===l.substring(0,3);for(l=s.createElement(\"LI\");a.firstChild;)l.appendChild(a.firstChild);for(var d=[l],g=0;g<d.length;++g)e(d[g]);m===(m|0)&&d[0].setAttribute(\"value\",","m);var r=s.createElement(\"OL\");r.className=\"linenums\";for(var n=Math.max(0,m-1|0)||0,g=0,z=d.length;g<z;++g)l=d[g],l.className=\"L\"+(g+n)%10,l.firstChild||l.appendChild(s.createTextNode(\"\\xa0\")),r.appendChild(l);a.appendChild(r)}function k(a,m){for(var e=m.length;--e>=0;){var h=m[e];A.hasOwnProperty(h)?window.console&&console.warn(\"cannot override language handler %s\",h):A[h]=a}}function C(a,m){if(!a||!A.hasOwnProperty(a))a=/^\\s*</.test(m)?\"default-markup\":\"default-code\";return A[a]}function E(a){var m=","a.g;try{var e=M(a.h),h=e.a;a.a=h;a.c=e.c;a.d=0;C(m,h)(a);var k=/\\bMSIE\\b/.test(navigator.userAgent),m=/\\n/g,t=a.a,s=t.length,e=0,l=a.c,p=l.length,h=0,d=a.e,g=d.length,a=0;d[g]=s;var r,n;for(n=r=0;n<g;)d[n]!==d[n+2]?(d[r++]=d[n++],d[r++]=d[n++]):n+=2;g=r;for(n=r=0;n<g;){for(var z=d[n],f=d[n+1],b=n+2;b+2<=g&&d[b+1]===f;)b+=2;d[r++]=z;d[r++]=f;n=b}for(d.length=r;h<p;){var o=l[h+2]||s,c=d[a+2]||s,b=Math.min(o,c),i=l[h+1],j;if(i.nodeType!==1&&(j=t.substring(e,b))){k&&(j=j.replace(m,\"\\r\"));i.nodeValue=","j;var u=i.ownerDocument,v=u.createElement(\"SPAN\");v.className=d[a+1];var x=i.parentNode;x.replaceChild(v,i);v.appendChild(i);e<o&&(l[h+1]=i=u.createTextNode(t.substring(b,o)),x.insertBefore(i,v.nextSibling))}e=b;e>=o&&(h+=2);e>=c&&(a+=2)}}catch(w){\"console\"in window&&console.log(w&&w.stack?w.stack:w)}}var v=[\"break,continue,do,else,for,if,return,while\"],w=[[v,\"auto,case,char,const,default,double,enum,extern,float,goto,int,long,register,short,signed,sizeof,static,struct,switch,typedef,union,unsigned,void,volatile\"],","\"catch,class,delete,false,import,new,operator,private,protected,public,this,throw,true,try,typeof\"],F=[w,\"alignof,align_union,asm,axiom,bool,concept,concept_map,const_cast,constexpr,decltype,dynamic_cast,explicit,export,friend,inline,late_check,mutable,namespace,nullptr,reinterpret_cast,static_assert,static_cast,template,typeid,typename,using,virtual,where\"],G=[w,\"abstract,boolean,byte,extends,final,finally,implements,import,instanceof,null,native,package,strictfp,super,synchronized,throws,transient\"],","H=[G,\"as,base,by,checked,decimal,delegate,descending,dynamic,event,fixed,foreach,from,group,implicit,in,interface,internal,into,is,lock,object,out,override,orderby,params,partial,readonly,ref,sbyte,sealed,stackalloc,string,select,uint,ulong,unchecked,unsafe,ushort,var\"],w=[w,\"debugger,eval,export,function,get,null,set,undefined,var,with,Infinity,NaN\"],I=[v,\"and,as,assert,class,def,del,elif,except,exec,finally,from,global,import,in,is,lambda,nonlocal,not,or,pass,print,raise,try,with,yield,False,True,None\"],","J=[v,\"alias,and,begin,case,class,def,defined,elsif,end,ensure,false,in,module,next,nil,not,or,redo,rescue,retry,self,super,then,true,undef,unless,until,when,yield,BEGIN,END\"],v=[v,\"case,done,elif,esac,eval,fi,function,in,local,set,then,until\"],K=/^(DIR|FILE|vector|(de|priority_)?queue|list|stack|(const_)?iterator|(multi)?(set|map)|bitset|u?(int|float)\\d*)/,N=/\\S/,O=u({keywords:[F,H,w,\"caller,delete,die,do,dump,elsif,eval,exit,foreach,for,goto,if,import,last,local,my,next,no,our,print,package,redo,require,sub,undef,unless,until,use,wantarray,while,BEGIN,END\"+","I,J,v],hashComments:!0,cStyleComments:!0,multiLineStrings:!0,regexLiterals:!0}),A={};k(O,[\"default-code\"]);k(x([],[[\"pln\",/^[^<?]+/],[\"dec\",/^<!\\w[^>]*(?:>|$)/],[\"com\",/^<\\!--[\\S\\s]*?(?:--\\>|$)/],[\"lang-\",/^<\\?([\\S\\s]+?)(?:\\?>|$)/],[\"lang-\",/^<%([\\S\\s]+?)(?:%>|$)/],[\"pun\",/^(?:<[%?]|[%?]>)/],[\"lang-\",/^<xmp\\b[^>]*>([\\S\\s]+?)<\\/xmp\\b[^>]*>/i],[\"lang-js\",/^<script\\b[^>]*>([\\S\\s]*?)(<\\/script\\b[^>]*>)/i],[\"lang-css\",/^<style\\b[^>]*>([\\S\\s]*?)(<\\/style\\b[^>]*>)/i],[\"lang-in.tag\",/^(<\\/?[a-z][^<>]*>)/i]]),","[\"default-markup\",\"htm\",\"html\",\"mxml\",\"xhtml\",\"xml\",\"xsl\"]);k(x([[\"pln\",/^\\s+/,q,\" \\t\\r\\n\"],[\"atv\",/^(?:\"[^\"]*\"?|'[^']*'?)/,q,\"\\\"'\"]],[[\"tag\",/^^<\\/?[a-z](?:[\\w-.:]*\\w)?|\\/?>$/i],[\"atn\",/^(?!style[\\s=]|on)[a-z](?:[\\w:-]*\\w)?/i],[\"lang-uq.val\",/^=\\s*([^\\s\"'>]*(?:[^\\s\"'/>]|\\/(?=\\s)))/],[\"pun\",/^[/<->]+/],[\"lang-js\",/^on\\w+\\s*=\\s*\"([^\"]+)\"/i],[\"lang-js\",/^on\\w+\\s*=\\s*'([^']+)'/i],[\"lang-js\",/^on\\w+\\s*=\\s*([^\\s\"'>]+)/i],[\"lang-css\",/^style\\s*=\\s*\"([^\"]+)\"/i],[\"lang-css\",/^style\\s*=\\s*'([^']+)'/i],[\"lang-css\",","/^style\\s*=\\s*([^\\s\"'>]+)/i]]),[\"in.tag\"]);k(x([],[[\"atv\",/^[\\S\\s]+/]]),[\"uq.val\"]);k(u({keywords:F,hashComments:!0,cStyleComments:!0,types:K}),[\"c\",\"cc\",\"cpp\",\"cxx\",\"cyc\",\"m\"]);k(u({keywords:\"null,true,false\"}),[\"json\"]);k(u({keywords:H,hashComments:!0,cStyleComments:!0,verbatimStrings:!0,types:K}),[\"cs\"]);k(u({keywords:G,cStyleComments:!0}),[\"java\"]);k(u({keywords:v,hashComments:!0,multiLineStrings:!0}),[\"bsh\",\"csh\",\"sh\"]);k(u({keywords:I,hashComments:!0,multiLineStrings:!0,tripleQuotedStrings:!0}),","[\"cv\",\"py\"]);k(u({keywords:\"caller,delete,die,do,dump,elsif,eval,exit,foreach,for,goto,if,import,last,local,my,next,no,our,print,package,redo,require,sub,undef,unless,until,use,wantarray,while,BEGIN,END\",hashComments:!0,multiLineStrings:!0,regexLiterals:!0}),[\"perl\",\"pl\",\"pm\"]);k(u({keywords:J,hashComments:!0,multiLineStrings:!0,regexLiterals:!0}),[\"rb\"]);k(u({keywords:w,cStyleComments:!0,regexLiterals:!0}),[\"js\"]);k(u({keywords:\"all,and,by,catch,class,else,extends,false,finally,for,if,in,is,isnt,loop,new,no,not,null,of,off,on,or,return,super,then,true,try,unless,until,when,while,yes\",","hashComments:3,cStyleComments:!0,multilineStrings:!0,tripleQuotedStrings:!0,regexLiterals:!0}),[\"coffee\"]);k(x([],[[\"str\",/^[\\S\\s]+/]]),[\"regex\"]);window.prettyPrintOne=function(a,m,e){var h=document.createElement(\"PRE\");h.innerHTML=a;e&&D(h,e);E({g:m,i:e,h:h});return h.innerHTML};window.prettyPrint=function(a){function m(){for(var e=window.PR_SHOULD_USE_CONTINUATION?l.now()+250:Infinity;p<h.length&&l.now()<e;p++){var n=h[p],k=n.className;if(k.indexOf(\"prettyprint\")>=0){var k=k.match(g),f,b;if(b=","!k){b=n;for(var o=void 0,c=b.firstChild;c;c=c.nextSibling)var i=c.nodeType,o=i===1?o?b:c:i===3?N.test(c.nodeValue)?b:o:o;b=(f=o===b?void 0:o)&&\"CODE\"===f.tagName}b&&(k=f.className.match(g));k&&(k=k[1]);b=!1;for(o=n.parentNode;o;o=o.parentNode)if((o.tagName===\"pre\"||o.tagName===\"code\"||o.tagName===\"xmp\")&&o.className&&o.className.indexOf(\"prettyprint\")>=0){b=!0;break}b||((b=(b=n.className.match(/\\blinenums\\b(?::(\\d+))?/))?b[1]&&b[1].length?+b[1]:!0:!1)&&D(n,b),d={g:k,h:n,i:b},E(d))}}p<h.length?setTimeout(m,","250):a&&a()}for(var e=[document.getElementsByTagName(\"pre\"),document.getElementsByTagName(\"code\"),document.getElementsByTagName(\"xmp\")],h=[],k=0;k<e.length;++k)for(var t=0,s=e[k].length;t<s;++t)h.push(e[k][t]);var e=q,l=Date;l.now||(l={now:function(){return+new Date}});var p=0,d,g=/\\blang(?:uage)?-([\\w.]+)(?!\\S)/;m()};window.PR={createSimpleLexer:x,registerLangHandler:k,sourceDecorator:u,PR_ATTRIB_NAME:\"atn\",PR_ATTRIB_VALUE:\"atv\",PR_COMMENT:\"com\",PR_DECLARATION:\"dec\",PR_KEYWORD:\"kwd\",PR_LITERAL:\"lit\",","PR_NOCODE:\"nocode\",PR_PLAIN:\"pln\",PR_PUNCTUATION:\"pun\",PR_SOURCE:\"src\",PR_STRING:\"str\",PR_TAG:\"tag\",PR_TYPE:\"typ\"}})();"],"l":{"1":2,"2":1,"3":0,"4":1,"5":0,"6":1,"7":1,"8":0,"9":1,"10":0,"11":0,"12":1,"13":1,"14":0,"15":1,"16":0,"17":0,"21":0,"22":0,"23":0,"24":0,"25":1,"26":0,"27":0}}}